#
# There is insufficient memory for the Java Runtime Environment to continue.
# Native memory allocation (malloc) failed to allocate 817296 bytes for Chunk::new
# Possible reasons:
#   The system is out of physical RAM or swap space
#   The process is running with CompressedOops enabled, and the Java Heap may be blocking the growth of the native heap
# Possible solutions:
#   Reduce memory load on the system
#   Increase physical memory or swap space
#   Check if swap backing store is full
#   Decrease Java heap size (-Xmx/-Xms)
#   Decrease number of Java threads
#   Decrease Java thread stack sizes (-Xss)
#   Set larger code cache with -XX:ReservedCodeCacheSize=
#   JVM is running with Unscaled Compressed Oops mode in which the Java heap is
#     placed in the first 4GB address space. The Java Heap base address is the
#     maximum limit for the native heap growth. Please use -XX:HeapBaseMinAddress
#     to set the Java Heap base and to place the Java Heap above 4GB virtual address.
# This output file may be truncated or incomplete.
#
#  Out of Memory Error (./open/src/hotspot/share/memory/arena.cpp:197), pid=72488, tid=72784
#
# JRE version: Java(TM) SE Runtime Environment 18.9 (11.0.15.1+2) (build 11.0.15.1+2-LTS-10)
# Java VM: Java HotSpot(TM) 64-Bit Server VM 18.9 (11.0.15.1+2-LTS-10, mixed mode, tiered, compressed oops, g1 gc, windows-amd64)
# No core dump will be written. Minidumps are not enabled by default on client versions of Windows
#

---------------  S U M M A R Y ------------

Command Line: --add-opens=java.base/java.util=ALL-UNNAMED --add-opens=java.base/java.lang=ALL-UNNAMED --add-opens=java.base/java.lang.invoke=ALL-UNNAMED --add-opens=java.prefs/java.util.prefs=ALL-UNNAMED -XX:MaxMetaspaceSize=256m -XX:+HeapDumpOnOutOfMemoryError -Xms256m -Xmx512m -Dfile.encoding=windows-1252 -Duser.country=US -Duser.language=en -Duser.variant org.gradle.launcher.daemon.bootstrap.GradleDaemon 6.0.1

Host: AMD Ryzen 5 3500U with Radeon Vega Mobile Gfx  , 8 cores, 3G,  Windows 11 , 64 bit Build 22000 (10.0.22000.708)
Time: Mon Sep 26 19:45:01 2022 Eastern Daylight Time elapsed time: 1273.144792 seconds (0d 0h 21m 13s)

---------------  T H R E A D  ---------------

Current thread (0x0000021af8e62000):  JavaThread "C2 CompilerThread0" daemon [_thread_in_native, id=72784, stack(0x0000004c43300000,0x0000004c43400000)]


Current CompileTask:
C2:1273145 15038       4       org.objectweb.asm.ClassReader::accept (1251 bytes)

Stack: [0x0000004c43300000,0x0000004c43400000]
Native frames: (J=compiled Java code, j=interpreted, Vv=VM code, C=native code)
V  [jvm.dll+0x629d8a]
V  [jvm.dll+0x7638ff]
V  [jvm.dll+0x764fa9]
V  [jvm.dll+0x765633]
V  [jvm.dll+0x23d9c8]
V  [jvm.dll+0xb2a1c]
V  [jvm.dll+0xb2fdc]
V  [jvm.dll+0x2ae744]
V  [jvm.dll+0x53d4c6]
V  [jvm.dll+0x20089d]
V  [jvm.dll+0x1fa64a]
V  [jvm.dll+0x1f762d]
V  [jvm.dll+0x177c51]
V  [jvm.dll+0x207026]
V  [jvm.dll+0x2051bb]
V  [jvm.dll+0x729820]
V  [jvm.dll+0x7223f4]
V  [jvm.dll+0x628c26]
C  [ucrtbase.dll+0x26c0c]
C  [KERNEL32.DLL+0x154e0]
C  [ntdll.dll+0x485b]


---------------  P R O C E S S  ---------------

Threads class SMR info:
_java_thread_list=0x0000021a90353310, length=40, elements={
0x0000021aed6fd800, 0x0000021af8e1f000, 0x0000021af8e49800, 0x0000021af8e5e000,
0x0000021af8e5f000, 0x0000021af8e61000, 0x0000021af8e62000, 0x0000021af97b6800,
0x0000021af97c2000, 0x0000021af992a000, 0x0000021afb625800, 0x0000021afa43e000,
0x0000021afb17e000, 0x0000021afb2d9800, 0x0000021afb2dd800, 0x0000021afb2d8800,
0x0000021afbad6000, 0x0000021afbad4000, 0x0000021afbad5000, 0x0000021afbad1800,
0x0000021afbad6800, 0x0000021afbad1000, 0x0000021afbad7800, 0x0000021afbad8000,
0x0000021afbad2800, 0x0000021afbad9000, 0x0000021afbad3800, 0x0000021afbadc800,
0x0000021afbadf800, 0x0000021afbadb800, 0x0000021afbadd000, 0x0000021afbade000,
0x0000021afbada000, 0x0000021afbada800, 0x0000021afbade800, 0x0000021afb2dc800,
0x0000021afb2de800, 0x0000021afb2da800, 0x0000021afe3ff000, 0x0000021afe3fd000
}

Java Threads: ( => current thread )
  0x0000021aed6fd800 JavaThread "main" [_thread_blocked, id=65368, stack(0x0000004c42700000,0x0000004c42800000)]
  0x0000021af8e1f000 JavaThread "Reference Handler" daemon [_thread_blocked, id=72652, stack(0x0000004c42e00000,0x0000004c42f00000)]
  0x0000021af8e49800 JavaThread "Finalizer" daemon [_thread_blocked, id=69352, stack(0x0000004c42f00000,0x0000004c43000000)]
  0x0000021af8e5e000 JavaThread "Signal Dispatcher" daemon [_thread_blocked, id=73304, stack(0x0000004c43000000,0x0000004c43100000)]
  0x0000021af8e5f000 JavaThread "Attach Listener" daemon [_thread_blocked, id=72264, stack(0x0000004c43100000,0x0000004c43200000)]
  0x0000021af8e61000 JavaThread "Service Thread" daemon [_thread_blocked, id=46044, stack(0x0000004c43200000,0x0000004c43300000)]
=>0x0000021af8e62000 JavaThread "C2 CompilerThread0" daemon [_thread_in_native, id=72784, stack(0x0000004c43300000,0x0000004c43400000)]
  0x0000021af97b6800 JavaThread "C1 CompilerThread0" daemon [_thread_blocked, id=64276, stack(0x0000004c43400000,0x0000004c43500000)]
  0x0000021af97c2000 JavaThread "Sweeper thread" daemon [_thread_blocked, id=49844, stack(0x0000004c43500000,0x0000004c43600000)]
  0x0000021af992a000 JavaThread "Common-Cleaner" daemon [_thread_blocked, id=72144, stack(0x0000004c43600000,0x0000004c43700000)]
  0x0000021afb625800 JavaThread "Daemon health stats" [_thread_blocked, id=71744, stack(0x0000004c43d00000,0x0000004c43e00000)]
  0x0000021afa43e000 JavaThread "Incoming local TCP Connector on port 63790" [_thread_in_native, id=34928, stack(0x0000004c43e00000,0x0000004c43f00000)]
  0x0000021afb17e000 JavaThread "Daemon periodic checks" [_thread_blocked, id=71948, stack(0x0000004c43f00000,0x0000004c44000000)]
  0x0000021afb2d9800 JavaThread "Cache worker for file hash cache (C:\Users\melis\.gradle\caches\6.0.1\fileHashes)" [_thread_blocked, id=71196, stack(0x0000004c44700000,0x0000004c44800000)]
  0x0000021afb2dd800 JavaThread "File lock request listener" [_thread_in_native, id=72628, stack(0x0000004c44800000,0x0000004c44900000)]
  0x0000021afb2d8800 JavaThread "Cache worker for journal cache (C:\Users\melis\.gradle\caches\journal-1)" [_thread_blocked, id=68876, stack(0x0000004c44900000,0x0000004c44a00000)]
  0x0000021afbad6000 JavaThread "Cache worker for execution history cache (C:\Users\melis\.gradle\caches\6.0.1\executionHistory)" [_thread_blocked, id=66584, stack(0x0000004c45000000,0x0000004c45100000)]
  0x0000021afbad4000 JavaThread "Daemon Thread 2" [_thread_blocked, id=73352, stack(0x0000004c42400000,0x0000004c42500000)]
  0x0000021afbad5000 JavaThread "Handler for socket connection from /127.0.0.1:63790 to /127.0.0.1:64057" [_thread_in_native, id=72684, stack(0x0000004c42500000,0x0000004c42600000)]
  0x0000021afbad1800 JavaThread "Cancel handler" [_thread_blocked, id=74492, stack(0x0000004c42600000,0x0000004c42700000)]
  0x0000021afbad6800 JavaThread "Daemon worker Thread 2" [_thread_blocked, id=74300, stack(0x0000004c44000000,0x0000004c44100000)]
  0x0000021afbad1000 JavaThread "Asynchronous log dispatcher for DefaultDaemonConnection: socket connection from /127.0.0.1:63790 to /127.0.0.1:64057" [_thread_blocked, id=73096, stack(0x0000004c44100000,0x0000004c44200000)]
  0x0000021afbad7800 JavaThread "Stdin handler" [_thread_blocked, id=73488, stack(0x0000004c44200000,0x0000004c44300000)]
  0x0000021afbad8000 JavaThread "Thread-38" [_thread_blocked, id=73736, stack(0x0000004c44300000,0x0000004c44400000)]
  0x0000021afbad2800 JavaThread "Cache worker for file hash cache (C:\Users\melis\LaunchCode\JavaPractice\java-assignment-4-techjobs-persistent-edition-Momtoast\.gradle\6.0.1\fileHashes)" [_thread_blocked, id=66664, stack(0x0000004c44400000,0x0000004c44500000)]
  0x0000021afbad9000 JavaThread "Cache worker for cache directory md-supplier (C:\Users\melis\.gradle\caches\6.0.1\md-supplier)" [_thread_blocked, id=72932, stack(0x0000004c44600000,0x0000004c44700000)]
  0x0000021afbad3800 JavaThread "Cache worker for cache directory md-rule (C:\Users\melis\.gradle\caches\6.0.1\md-rule)" [_thread_blocked, id=72640, stack(0x0000004c44d00000,0x0000004c44e00000)]
  0x0000021afbadc800 JavaThread "Build operations" [_thread_blocked, id=68668, stack(0x0000004c44e00000,0x0000004c44f00000)]
  0x0000021afbadf800 JavaThread "Build operations Thread 2" [_thread_blocked, id=72148, stack(0x0000004c44f00000,0x0000004c45000000)]
  0x0000021afbadb800 JavaThread "Build operations Thread 3" [_thread_blocked, id=52560, stack(0x0000004c45100000,0x0000004c45200000)]
  0x0000021afbadd000 JavaThread "Build operations Thread 4" [_thread_blocked, id=73324, stack(0x0000004c45200000,0x0000004c45300000)]
  0x0000021afbade000 JavaThread "Build operations Thread 5" [_thread_blocked, id=73804, stack(0x0000004c45300000,0x0000004c45400000)]
  0x0000021afbada000 JavaThread "Build operations Thread 6" [_thread_blocked, id=72304, stack(0x0000004c45400000,0x0000004c45500000)]
  0x0000021afbada800 JavaThread "Cache worker for Build Output Cleanup Cache (C:\Users\melis\LaunchCode\JavaPractice\java-assignment-4-techjobs-persistent-edition-Momtoast\.gradle\buildOutputCleanup)" [_thread_blocked, id=72516, stack(0x0000004c45500000,0x0000004c45600000)]
  0x0000021afbade800 JavaThread "Build operations Thread 7" [_thread_blocked, id=71300, stack(0x0000004c45600000,0x0000004c45700000)]
  0x0000021afb2dc800 JavaThread "Build operations Thread 8" [_thread_blocked, id=72348, stack(0x0000004c45700000,0x0000004c45800000)]
  0x0000021afb2de800 JavaThread "Memory manager" [_thread_blocked, id=74420, stack(0x0000004c45900000,0x0000004c45a00000)]
  0x0000021afb2da800 JavaThread "Cache worker for file content cache (C:\Users\melis\.gradle\caches\6.0.1\fileContent)" [_thread_blocked, id=74364, stack(0x0000004c45a00000,0x0000004c45b00000)]
  0x0000021afe3ff000 JavaThread "Cache worker for file content cache (C:\Users\melis\LaunchCode\JavaPractice\java-assignment-4-techjobs-persistent-edition-Momtoast\.gradle\6.0.1\fileContent)" [_thread_blocked, id=66976, stack(0x0000004c45b00000,0x0000004c45c00000)]
  0x0000021afe3fd000 JavaThread "Cache worker for execution history cache (C:\Users\melis\LaunchCode\JavaPractice\java-assignment-4-techjobs-persistent-edition-Momtoast\.gradle\6.0.1\executionHistory)" [_thread_blocked, id=69000, stack(0x0000004c46300000,0x0000004c46400000)]

Other Threads:
  0x0000021af8e1d800 VMThread "VM Thread" [stack: 0x0000004c42d00000,0x0000004c42e00000] [id=72200]
  0x0000021af9965000 WatcherThread [stack: 0x0000004c43700000,0x0000004c43800000] [id=69660]
  0x0000021aed70d000 GCTaskThread "GC Thread#0" [stack: 0x0000004c42800000,0x0000004c42900000] [id=72820]
  0x0000021afa42d000 GCTaskThread "GC Thread#1" [stack: 0x0000004c43800000,0x0000004c43900000] [id=2144]
  0x0000021afa0f9800 GCTaskThread "GC Thread#2" [stack: 0x0000004c43900000,0x0000004c43a00000] [id=73628]
  0x0000021afa23a800 GCTaskThread "GC Thread#3" [stack: 0x0000004c43a00000,0x0000004c43b00000] [id=73640]
  0x0000021afa23b800 GCTaskThread "GC Thread#4" [stack: 0x0000004c43b00000,0x0000004c43c00000] [id=65480]
  0x0000021afa142000 GCTaskThread "GC Thread#5" [stack: 0x0000004c43c00000,0x0000004c43d00000] [id=65176]
  0x0000021afb9b0800 GCTaskThread "GC Thread#6" [stack: 0x0000004c44a00000,0x0000004c44b00000] [id=41328]
  0x0000021afb92f800 GCTaskThread "GC Thread#7" [stack: 0x0000004c44b00000,0x0000004c44c00000] [id=32784]
  0x0000021aed728000 ConcurrentGCThread "G1 Main Marker" [stack: 0x0000004c42900000,0x0000004c42a00000] [id=44448]
  0x0000021aed729000 ConcurrentGCThread "G1 Conc#0" [stack: 0x0000004c42a00000,0x0000004c42b00000] [id=21032]
  0x0000021afa1df800 ConcurrentGCThread "G1 Conc#1" [stack: 0x0000004c44c00000,0x0000004c44d00000] [id=72080]
  0x0000021af8cb2800 ConcurrentGCThread "G1 Refine#0" [stack: 0x0000004c42b00000,0x0000004c42c00000] [id=69612]
  0x0000021afba54000 ConcurrentGCThread "G1 Refine#1" [stack: 0x0000004c44500000,0x0000004c44600000] [id=55884]
  0x0000021af8cb7000 ConcurrentGCThread "G1 Young RemSet Sampling" [stack: 0x0000004c42c00000,0x0000004c42d00000] [id=66956]

Threads with active compile tasks:
C2 CompilerThread01273207 15038       4       org.objectweb.asm.ClassReader::accept (1251 bytes)
C1 CompilerThread01273207 15069       2       org.gradle.internal.concurrent.CompositeStoppable::add (34 bytes)

VM state:not at safepoint (normal execution)

VM Mutex/Monitor currently owned by a thread: None

OutOfMemory and StackOverflow Exception counts:
OutOfMemoryError java_heap_errors=1
LinkageErrors=146

Heap address: 0x00000000e0000000, size: 512 MB, Compressed Oops mode: 32-bit
Narrow klass base: 0x0000000000000000, Narrow klass shift: 3
Compressed class space size: 260046848 Address: 0x0000000100000000

Heap:
 garbage-first heap   total 262144K, used 144147K [0x00000000e0000000, 0x0000000100000000)
  region size 1024K, 2 young (2048K), 1 survivors (1024K)
 Metaspace       used 77779K, capacity 79424K, committed 80128K, reserved 325632K
  class space    used 9234K, capacity 9810K, committed 9984K, reserved 253952K
Heap Regions: E=young(eden), S=young(survivor), O=old, HS=humongous(starts), HC=humongous(continues), CS=collection set, F=free, A=archive, TAMS=top-at-mark-start (previous, next)
|   0|0x00000000e0000000, 0x00000000e0100000, 0x00000000e0100000|100%|HS|  |TAMS 0x00000000e0100000, 0x00000000e0000000| Complete 
|   1|0x00000000e0100000, 0x00000000e0200000, 0x00000000e0200000|100%|HC|  |TAMS 0x00000000e0200000, 0x00000000e0100000| Complete 
|   2|0x00000000e0200000, 0x00000000e0300000, 0x00000000e0300000|100%|HS|  |TAMS 0x00000000e0300000, 0x00000000e0200000| Complete 
|   3|0x00000000e0300000, 0x00000000e0400000, 0x00000000e0400000|100%|HS|  |TAMS 0x00000000e0400000, 0x00000000e0300000| Complete 
|   4|0x00000000e0400000, 0x00000000e0500000, 0x00000000e0500000|100%|HC|  |TAMS 0x00000000e0500000, 0x00000000e0400000| Complete 
|   5|0x00000000e0500000, 0x00000000e0600000, 0x00000000e0600000|100%|HC|  |TAMS 0x00000000e0600000, 0x00000000e0500000| Complete 
|   6|0x00000000e0600000, 0x00000000e0700000, 0x00000000e0700000|100%| O|  |TAMS 0x00000000e0700000, 0x00000000e0600000| Untracked 
|   7|0x00000000e0700000, 0x00000000e0800000, 0x00000000e0800000|100%| O|  |TAMS 0x00000000e0800000, 0x00000000e0700000| Untracked 
|   8|0x00000000e0800000, 0x00000000e0900000, 0x00000000e0900000|100%| O|  |TAMS 0x00000000e0900000, 0x00000000e0800000| Untracked 
|   9|0x00000000e0900000, 0x00000000e0a00000, 0x00000000e0a00000|100%|HS|  |TAMS 0x00000000e0a00000, 0x00000000e0900000| Complete 
|  10|0x00000000e0a00000, 0x00000000e0b00000, 0x00000000e0b00000|100%|HC|  |TAMS 0x00000000e0b00000, 0x00000000e0a00000| Complete 
|  11|0x00000000e0b00000, 0x00000000e0c00000, 0x00000000e0c00000|100%|HC|  |TAMS 0x00000000e0c00000, 0x00000000e0b00000| Complete 
|  12|0x00000000e0c00000, 0x00000000e0d00000, 0x00000000e0d00000|100%|HS|  |TAMS 0x00000000e0d00000, 0x00000000e0c00000| Complete 
|  13|0x00000000e0d00000, 0x00000000e0e00000, 0x00000000e0e00000|100%|HC|  |TAMS 0x00000000e0e00000, 0x00000000e0d00000| Complete 
|  14|0x00000000e0e00000, 0x00000000e0f00000, 0x00000000e0f00000|100%|HC|  |TAMS 0x00000000e0f00000, 0x00000000e0e00000| Complete 
|  15|0x00000000e0f00000, 0x00000000e1000000, 0x00000000e1000000|100%|HC|  |TAMS 0x00000000e1000000, 0x00000000e0f00000| Complete 
|  16|0x00000000e1000000, 0x00000000e1100000, 0x00000000e1100000|100%|HC|  |TAMS 0x00000000e1100000, 0x00000000e1000000| Complete 
|  17|0x00000000e1100000, 0x00000000e1200000, 0x00000000e1200000|100%|HC|  |TAMS 0x00000000e1200000, 0x00000000e1100000| Complete 
|  18|0x00000000e1200000, 0x00000000e1300000, 0x00000000e1300000|100%|HC|  |TAMS 0x00000000e1300000, 0x00000000e1200000| Complete 
|  19|0x00000000e1300000, 0x00000000e1400000, 0x00000000e1400000|100%|HS|  |TAMS 0x00000000e1400000, 0x00000000e1300000| Complete 
|  20|0x00000000e1400000, 0x00000000e1500000, 0x00000000e1500000|100%|HC|  |TAMS 0x00000000e1500000, 0x00000000e1400000| Complete 
|  21|0x00000000e1500000, 0x00000000e1600000, 0x00000000e1600000|100%|HS|  |TAMS 0x00000000e1600000, 0x00000000e1500000| Complete 
|  22|0x00000000e1600000, 0x00000000e1700000, 0x00000000e1700000|100%|HS|  |TAMS 0x00000000e1700000, 0x00000000e1600000| Complete 
|  23|0x00000000e1700000, 0x00000000e1800000, 0x00000000e1800000|100%|HC|  |TAMS 0x00000000e1800000, 0x00000000e1700000| Complete 
|  24|0x00000000e1800000, 0x00000000e1900000, 0x00000000e1900000|100%|HC|  |TAMS 0x00000000e1900000, 0x00000000e1800000| Complete 
|  25|0x00000000e1900000, 0x00000000e1a00000, 0x00000000e1a00000|100%| O|  |TAMS 0x00000000e1a00000, 0x00000000e1900000| Untracked 
|  26|0x00000000e1a00000, 0x00000000e1b00000, 0x00000000e1b00000|100%| O|  |TAMS 0x00000000e1b00000, 0x00000000e1a00000| Untracked 
|  27|0x00000000e1b00000, 0x00000000e1c00000, 0x00000000e1c00000|100%| O|  |TAMS 0x00000000e1c00000, 0x00000000e1b00000| Untracked 
|  28|0x00000000e1c00000, 0x00000000e1d00000, 0x00000000e1d00000|100%| O|  |TAMS 0x00000000e1d00000, 0x00000000e1c00000| Untracked 
|  29|0x00000000e1d00000, 0x00000000e1e00000, 0x00000000e1e00000|100%| O|  |TAMS 0x00000000e1e00000, 0x00000000e1d00000| Untracked 
|  30|0x00000000e1e00000, 0x00000000e1f00000, 0x00000000e1f00000|100%| O|  |TAMS 0x00000000e1f00000, 0x00000000e1e00000| Untracked 
|  31|0x00000000e1f00000, 0x00000000e2000000, 0x00000000e2000000|100%| O|  |TAMS 0x00000000e2000000, 0x00000000e1f00000| Untracked 
|  32|0x00000000e2000000, 0x00000000e2100000, 0x00000000e2100000|100%| O|  |TAMS 0x00000000e2100000, 0x00000000e2000000| Untracked 
|  33|0x00000000e2100000, 0x00000000e2200000, 0x00000000e2200000|100%| O|  |TAMS 0x00000000e2200000, 0x00000000e2100000| Untracked 
|  34|0x00000000e2200000, 0x00000000e2300000, 0x00000000e2300000|100%| O|  |TAMS 0x00000000e2300000, 0x00000000e2200000| Untracked 
|  35|0x00000000e2300000, 0x00000000e2400000, 0x00000000e2400000|100%| O|  |TAMS 0x00000000e2400000, 0x00000000e2300000| Untracked 
|  36|0x00000000e2400000, 0x00000000e2500000, 0x00000000e2500000|100%| O|  |TAMS 0x00000000e2500000, 0x00000000e2400000| Untracked 
|  37|0x00000000e2500000, 0x00000000e2600000, 0x00000000e2600000|100%| O|  |TAMS 0x00000000e2600000, 0x00000000e2500000| Untracked 
|  38|0x00000000e2600000, 0x00000000e2700000, 0x00000000e2700000|100%| O|  |TAMS 0x00000000e2700000, 0x00000000e2600000| Untracked 
|  39|0x00000000e2700000, 0x00000000e2800000, 0x00000000e2800000|100%| O|  |TAMS 0x00000000e2800000, 0x00000000e2700000| Untracked 
|  40|0x00000000e2800000, 0x00000000e2900000, 0x00000000e2900000|100%| O|  |TAMS 0x00000000e2900000, 0x00000000e2800000| Untracked 
|  41|0x00000000e2900000, 0x00000000e2a00000, 0x00000000e2a00000|100%| O|  |TAMS 0x00000000e2a00000, 0x00000000e2900000| Untracked 
|  42|0x00000000e2a00000, 0x00000000e2b00000, 0x00000000e2b00000|100%| O|  |TAMS 0x00000000e2b00000, 0x00000000e2a00000| Untracked 
|  43|0x00000000e2b00000, 0x00000000e2b00000, 0x00000000e2c00000|  0%| F|  |TAMS 0x00000000e2b00000, 0x00000000e2b00000| Untracked 
|  44|0x00000000e2c00000, 0x00000000e2d00000, 0x00000000e2d00000|100%| O|  |TAMS 0x00000000e2d00000, 0x00000000e2c00000| Untracked 
|  45|0x00000000e2d00000, 0x00000000e2d00000, 0x00000000e2e00000|  0%| F|  |TAMS 0x00000000e2d00000, 0x00000000e2d00000| Untracked 
|  46|0x00000000e2e00000, 0x00000000e2f00000, 0x00000000e2f00000|100%| O|  |TAMS 0x00000000e2f00000, 0x00000000e2e00000| Untracked 
|  47|0x00000000e2f00000, 0x00000000e3000000, 0x00000000e3000000|100%| O|  |TAMS 0x00000000e3000000, 0x00000000e2f00000| Untracked 
|  48|0x00000000e3000000, 0x00000000e3100000, 0x00000000e3100000|100%| O|  |TAMS 0x00000000e3100000, 0x00000000e3000000| Untracked 
|  49|0x00000000e3100000, 0x00000000e3200000, 0x00000000e3200000|100%| O|  |TAMS 0x00000000e3200000, 0x00000000e3100000| Untracked 
|  50|0x00000000e3200000, 0x00000000e3300000, 0x00000000e3300000|100%| O|  |TAMS 0x00000000e3300000, 0x00000000e3200000| Untracked 
|  51|0x00000000e3300000, 0x00000000e3400000, 0x00000000e3400000|100%| O|  |TAMS 0x00000000e3400000, 0x00000000e3300000| Untracked 
|  52|0x00000000e3400000, 0x00000000e3500000, 0x00000000e3500000|100%| O|  |TAMS 0x00000000e3500000, 0x00000000e3400000| Untracked 
|  53|0x00000000e3500000, 0x00000000e3600000, 0x00000000e3600000|100%| O|  |TAMS 0x00000000e3600000, 0x00000000e3500000| Untracked 
|  54|0x00000000e3600000, 0x00000000e3700000, 0x00000000e3700000|100%| O|  |TAMS 0x00000000e3700000, 0x00000000e3600000| Untracked 
|  55|0x00000000e3700000, 0x00000000e3800000, 0x00000000e3800000|100%| O|  |TAMS 0x00000000e3800000, 0x00000000e3700000| Untracked 
|  56|0x00000000e3800000, 0x00000000e3900000, 0x00000000e3900000|100%| O|  |TAMS 0x00000000e3900000, 0x00000000e3800000| Untracked 
|  57|0x00000000e3900000, 0x00000000e3a00000, 0x00000000e3a00000|100%| O|  |TAMS 0x00000000e3a00000, 0x00000000e3900000| Untracked 
|  58|0x00000000e3a00000, 0x00000000e3b00000, 0x00000000e3b00000|100%| O|  |TAMS 0x00000000e3b00000, 0x00000000e3a00000| Untracked 
|  59|0x00000000e3b00000, 0x00000000e3c00000, 0x00000000e3c00000|100%|HS|  |TAMS 0x00000000e3c00000, 0x00000000e3b00000| Complete 
|  60|0x00000000e3c00000, 0x00000000e3d00000, 0x00000000e3d00000|100%|HC|  |TAMS 0x00000000e3d00000, 0x00000000e3c00000| Complete 
|  61|0x00000000e3d00000, 0x00000000e3e00000, 0x00000000e3e00000|100%|HC|  |TAMS 0x00000000e3e00000, 0x00000000e3d00000| Complete 
|  62|0x00000000e3e00000, 0x00000000e3f00000, 0x00000000e3f00000|100%|HC|  |TAMS 0x00000000e3f00000, 0x00000000e3e00000| Complete 
|  63|0x00000000e3f00000, 0x00000000e4000000, 0x00000000e4000000|100%|HC|  |TAMS 0x00000000e4000000, 0x00000000e3f00000| Complete 
|  64|0x00000000e4000000, 0x00000000e4100000, 0x00000000e4100000|100%|HC|  |TAMS 0x00000000e4100000, 0x00000000e4000000| Complete 
|  65|0x00000000e4100000, 0x00000000e4200000, 0x00000000e4200000|100%|HC|  |TAMS 0x00000000e4200000, 0x00000000e4100000| Complete 
|  66|0x00000000e4200000, 0x00000000e4300000, 0x00000000e4300000|100%|HC|  |TAMS 0x00000000e4300000, 0x00000000e4200000| Complete 
|  67|0x00000000e4300000, 0x00000000e4400000, 0x00000000e4400000|100%|HC|  |TAMS 0x00000000e4400000, 0x00000000e4300000| Complete 
|  68|0x00000000e4400000, 0x00000000e4500000, 0x00000000e4500000|100%|HC|  |TAMS 0x00000000e4500000, 0x00000000e4400000| Complete 
|  69|0x00000000e4500000, 0x00000000e4600000, 0x00000000e4600000|100%|HS|  |TAMS 0x00000000e4600000, 0x00000000e4500000| Complete 
|  70|0x00000000e4600000, 0x00000000e4700000, 0x00000000e4700000|100%|HC|  |TAMS 0x00000000e4700000, 0x00000000e4600000| Complete 
|  71|0x00000000e4700000, 0x00000000e4800000, 0x00000000e4800000|100%| O|  |TAMS 0x00000000e4800000, 0x00000000e4700000| Untracked 
|  72|0x00000000e4800000, 0x00000000e4900000, 0x00000000e4900000|100%| O|  |TAMS 0x00000000e4900000, 0x00000000e4800000| Untracked 
|  73|0x00000000e4900000, 0x00000000e4a00000, 0x00000000e4a00000|100%| O|  |TAMS 0x00000000e4a00000, 0x00000000e4900000| Untracked 
|  74|0x00000000e4a00000, 0x00000000e4b00000, 0x00000000e4b00000|100%| O|  |TAMS 0x00000000e4b00000, 0x00000000e4a00000| Untracked 
|  75|0x00000000e4b00000, 0x00000000e4c00000, 0x00000000e4c00000|100%| O|  |TAMS 0x00000000e4c00000, 0x00000000e4b00000| Untracked 
|  76|0x00000000e4c00000, 0x00000000e4d00000, 0x00000000e4d00000|100%| O|  |TAMS 0x00000000e4c00000, 0x00000000e4c00000| Untracked 
|  77|0x00000000e4d00000, 0x00000000e4e00000, 0x00000000e4e00000|100%| O|  |TAMS 0x00000000e4e00000, 0x00000000e4d00000| Untracked 
|  78|0x00000000e4e00000, 0x00000000e4f00000, 0x00000000e4f00000|100%| O|  |TAMS 0x00000000e4f00000, 0x00000000e4e00000| Untracked 
|  79|0x00000000e4f00000, 0x00000000e5000000, 0x00000000e5000000|100%| O|  |TAMS 0x00000000e5000000, 0x00000000e4f00000| Untracked 
|  80|0x00000000e5000000, 0x00000000e5100000, 0x00000000e5100000|100%| O|  |TAMS 0x00000000e5100000, 0x00000000e5000000| Untracked 
|  81|0x00000000e5100000, 0x00000000e5200000, 0x00000000e5200000|100%| O|  |TAMS 0x00000000e5200000, 0x00000000e5100000| Untracked 
|  82|0x00000000e5200000, 0x00000000e5300000, 0x00000000e5300000|100%| O|  |TAMS 0x00000000e5300000, 0x00000000e5200000| Untracked 
|  83|0x00000000e5300000, 0x00000000e5400000, 0x00000000e5400000|100%| O|  |TAMS 0x00000000e5400000, 0x00000000e5300000| Untracked 
|  84|0x00000000e5400000, 0x00000000e5500000, 0x00000000e5500000|100%| O|  |TAMS 0x00000000e5500000, 0x00000000e5400000| Untracked 
|  85|0x00000000e5500000, 0x00000000e5600000, 0x00000000e5600000|100%| O|  |TAMS 0x00000000e5600000, 0x00000000e5500000| Untracked 
|  86|0x00000000e5600000, 0x00000000e5700000, 0x00000000e5700000|100%| O|  |TAMS 0x00000000e5700000, 0x00000000e5600000| Untracked 
|  87|0x00000000e5700000, 0x00000000e5800000, 0x00000000e5800000|100%| O|  |TAMS 0x00000000e5800000, 0x00000000e5700000| Untracked 
|  88|0x00000000e5800000, 0x00000000e5900000, 0x00000000e5900000|100%| O|  |TAMS 0x00000000e5900000, 0x00000000e5800000| Untracked 
|  89|0x00000000e5900000, 0x00000000e5a00000, 0x00000000e5a00000|100%| O|  |TAMS 0x00000000e5a00000, 0x00000000e5900000| Untracked 
|  90|0x00000000e5a00000, 0x00000000e5b00000, 0x00000000e5b00000|100%|HS|  |TAMS 0x00000000e5b00000, 0x00000000e5a00000| Complete 
|  91|0x00000000e5b00000, 0x00000000e5c00000, 0x00000000e5c00000|100%|HC|  |TAMS 0x00000000e5c00000, 0x00000000e5b00000| Complete 
|  92|0x00000000e5c00000, 0x00000000e5d00000, 0x00000000e5d00000|100%|HS|  |TAMS 0x00000000e5d00000, 0x00000000e5c00000| Complete 
|  93|0x00000000e5d00000, 0x00000000e5e00000, 0x00000000e5e00000|100%|HC|  |TAMS 0x00000000e5e00000, 0x00000000e5d00000| Complete 
|  94|0x00000000e5e00000, 0x00000000e5f00000, 0x00000000e5f00000|100%|HC|  |TAMS 0x00000000e5f00000, 0x00000000e5e00000| Complete 
|  95|0x00000000e5f00000, 0x00000000e6000000, 0x00000000e6000000|100%|HS|  |TAMS 0x00000000e6000000, 0x00000000e5f00000| Complete 
|  96|0x00000000e6000000, 0x00000000e6100000, 0x00000000e6100000|100%|HC|  |TAMS 0x00000000e6100000, 0x00000000e6000000| Complete 
|  97|0x00000000e6100000, 0x00000000e6200000, 0x00000000e6200000|100%|HC|  |TAMS 0x00000000e6200000, 0x00000000e6100000| Complete 
|  98|0x00000000e6200000, 0x00000000e6300000, 0x00000000e6300000|100%|HC|  |TAMS 0x00000000e6300000, 0x00000000e6200000| Complete 
|  99|0x00000000e6300000, 0x00000000e6400000, 0x00000000e6400000|100%|HC|  |TAMS 0x00000000e6400000, 0x00000000e6300000| Complete 
| 100|0x00000000e6400000, 0x00000000e6500000, 0x00000000e6500000|100%|HC|  |TAMS 0x00000000e6500000, 0x00000000e6400000| Complete 
| 101|0x00000000e6500000, 0x00000000e6600000, 0x00000000e6600000|100%|HC|  |TAMS 0x00000000e6600000, 0x00000000e6500000| Complete 
| 102|0x00000000e6600000, 0x00000000e6700000, 0x00000000e6700000|100%|HS|  |TAMS 0x00000000e6700000, 0x00000000e6600000| Complete 
| 103|0x00000000e6700000, 0x00000000e6800000, 0x00000000e6800000|100%|HS|  |TAMS 0x00000000e6800000, 0x00000000e6700000| Complete 
| 104|0x00000000e6800000, 0x00000000e6900000, 0x00000000e6900000|100%|HC|  |TAMS 0x00000000e6900000, 0x00000000e6800000| Complete 
| 105|0x00000000e6900000, 0x00000000e6a00000, 0x00000000e6a00000|100%|HS|  |TAMS 0x00000000e6a00000, 0x00000000e6900000| Complete 
| 106|0x00000000e6a00000, 0x00000000e6b00000, 0x00000000e6b00000|100%|HS|  |TAMS 0x00000000e6b00000, 0x00000000e6a00000| Complete 
| 107|0x00000000e6b00000, 0x00000000e6c00000, 0x00000000e6c00000|100%|HC|  |TAMS 0x00000000e6c00000, 0x00000000e6b00000| Complete 
| 108|0x00000000e6c00000, 0x00000000e6d00000, 0x00000000e6d00000|100%|HC|  |TAMS 0x00000000e6d00000, 0x00000000e6c00000| Complete 
| 109|0x00000000e6d00000, 0x00000000e6e00000, 0x00000000e6e00000|100%|HS|  |TAMS 0x00000000e6e00000, 0x00000000e6d00000| Complete 
| 110|0x00000000e6e00000, 0x00000000e6f00000, 0x00000000e6f00000|100%|HC|  |TAMS 0x00000000e6f00000, 0x00000000e6e00000| Complete 
| 111|0x00000000e6f00000, 0x00000000e7000000, 0x00000000e7000000|100%|HC|  |TAMS 0x00000000e7000000, 0x00000000e6f00000| Complete 
| 112|0x00000000e7000000, 0x00000000e7100000, 0x00000000e7100000|100%|HC|  |TAMS 0x00000000e7100000, 0x00000000e7000000| Complete 
| 113|0x00000000e7100000, 0x00000000e7200000, 0x00000000e7200000|100%|HC|  |TAMS 0x00000000e7200000, 0x00000000e7100000| Complete 
| 114|0x00000000e7200000, 0x00000000e7300000, 0x00000000e7300000|100%|HC|  |TAMS 0x00000000e7300000, 0x00000000e7200000| Complete 
| 115|0x00000000e7300000, 0x00000000e7400000, 0x00000000e7400000|100%|HC|  |TAMS 0x00000000e7400000, 0x00000000e7300000| Complete 
| 116|0x00000000e7400000, 0x00000000e7500000, 0x00000000e7500000|100%|HC|  |TAMS 0x00000000e7500000, 0x00000000e7400000| Complete 
| 117|0x00000000e7500000, 0x00000000e7600000, 0x00000000e7600000|100%|HC|  |TAMS 0x00000000e7600000, 0x00000000e7500000| Complete 
| 118|0x00000000e7600000, 0x00000000e7700000, 0x00000000e7700000|100%|HC|  |TAMS 0x00000000e7700000, 0x00000000e7600000| Complete 
| 119|0x00000000e7700000, 0x00000000e7800000, 0x00000000e7800000|100%|HS|  |TAMS 0x00000000e7800000, 0x00000000e7700000| Complete 
| 120|0x00000000e7800000, 0x00000000e7900000, 0x00000000e7900000|100%|HC|  |TAMS 0x00000000e7900000, 0x00000000e7800000| Complete 
| 121|0x00000000e7900000, 0x00000000e7a00000, 0x00000000e7a00000|100%| O|  |TAMS 0x00000000e7a00000, 0x00000000e7900000| Untracked 
| 122|0x00000000e7a00000, 0x00000000e7b00000, 0x00000000e7b00000|100%| O|  |TAMS 0x00000000e7b00000, 0x00000000e7a00000| Untracked 
| 123|0x00000000e7b00000, 0x00000000e7c00000, 0x00000000e7c00000|100%| O|  |TAMS 0x00000000e7c00000, 0x00000000e7b00000| Untracked 
| 124|0x00000000e7c00000, 0x00000000e7d00000, 0x00000000e7d00000|100%| O|  |TAMS 0x00000000e7d00000, 0x00000000e7c00000| Untracked 
| 125|0x00000000e7d00000, 0x00000000e7e00000, 0x00000000e7e00000|100%| O|  |TAMS 0x00000000e7d9d000, 0x00000000e7d00000| Untracked 
| 126|0x00000000e7e00000, 0x00000000e7f00000, 0x00000000e7f00000|100%| O|  |TAMS 0x00000000e7f00000, 0x00000000e7e00000| Untracked 
| 127|0x00000000e7f00000, 0x00000000e8000000, 0x00000000e8000000|100%| O|  |TAMS 0x00000000e8000000, 0x00000000e7f00000| Untracked 
| 128|0x00000000e8000000, 0x00000000e8024000, 0x00000000e8100000| 14%| O|  |TAMS 0x00000000e8000000, 0x00000000e8000000| Untracked 
| 129|0x00000000e8100000, 0x00000000e8100000, 0x00000000e8200000|  0%| F|  |TAMS 0x00000000e8100000, 0x00000000e8100000| Untracked 
| 130|0x00000000e8200000, 0x00000000e8200000, 0x00000000e8300000|  0%| F|  |TAMS 0x00000000e8200000, 0x00000000e8200000| Untracked 
| 131|0x00000000e8300000, 0x00000000e8300000, 0x00000000e8400000|  0%| F|  |TAMS 0x00000000e8300000, 0x00000000e8300000| Untracked 
| 132|0x00000000e8400000, 0x00000000e8400000, 0x00000000e8500000|  0%| F|  |TAMS 0x00000000e8400000, 0x00000000e8400000| Untracked 
| 133|0x00000000e8500000, 0x00000000e8500000, 0x00000000e8600000|  0%| F|  |TAMS 0x00000000e8500000, 0x00000000e8500000| Untracked 
| 134|0x00000000e8600000, 0x00000000e8700000, 0x00000000e8700000|100%| O|  |TAMS 0x00000000e8700000, 0x00000000e8600000| Untracked 
| 135|0x00000000e8700000, 0x00000000e8700000, 0x00000000e8800000|  0%| F|  |TAMS 0x00000000e8700000, 0x00000000e8700000| Untracked 
| 136|0x00000000e8800000, 0x00000000e8800000, 0x00000000e8900000|  0%| F|  |TAMS 0x00000000e8800000, 0x00000000e8800000| Untracked 
| 137|0x00000000e8900000, 0x00000000e8900000, 0x00000000e8a00000|  0%| F|  |TAMS 0x00000000e8900000, 0x00000000e8900000| Untracked 
| 138|0x00000000e8a00000, 0x00000000e8a00000, 0x00000000e8b00000|  0%| F|  |TAMS 0x00000000e8a00000, 0x00000000e8a00000| Untracked 
| 139|0x00000000e8b00000, 0x00000000e8b00000, 0x00000000e8c00000|  0%| F|  |TAMS 0x00000000e8b00000, 0x00000000e8b00000| Untracked 
| 140|0x00000000e8c00000, 0x00000000e8c00000, 0x00000000e8d00000|  0%| F|  |TAMS 0x00000000e8c00000, 0x00000000e8c00000| Untracked 
| 141|0x00000000e8d00000, 0x00000000e8d00000, 0x00000000e8e00000|  0%| F|  |TAMS 0x00000000e8d00000, 0x00000000e8d00000| Untracked 
| 142|0x00000000e8e00000, 0x00000000e8f00000, 0x00000000e8f00000|100%| O|  |TAMS 0x00000000e8f00000, 0x00000000e8e00000| Untracked 
| 143|0x00000000e8f00000, 0x00000000e9000000, 0x00000000e9000000|100%| O|  |TAMS 0x00000000e9000000, 0x00000000e8f00000| Untracked 
| 144|0x00000000e9000000, 0x00000000e9100000, 0x00000000e9100000|100%| O|  |TAMS 0x00000000e9100000, 0x00000000e9000000| Untracked 
| 145|0x00000000e9100000, 0x00000000e9100000, 0x00000000e9200000|  0%| F|  |TAMS 0x00000000e9100000, 0x00000000e9100000| Untracked 
| 146|0x00000000e9200000, 0x00000000e9200000, 0x00000000e9300000|  0%| F|  |TAMS 0x00000000e9200000, 0x00000000e9200000| Untracked 
| 147|0x00000000e9300000, 0x00000000e9300000, 0x00000000e9400000|  0%| F|  |TAMS 0x00000000e9300000, 0x00000000e9300000| Untracked 
| 148|0x00000000e9400000, 0x00000000e9400000, 0x00000000e9500000|  0%| F|  |TAMS 0x00000000e9400000, 0x00000000e9400000| Untracked 
| 149|0x00000000e9500000, 0x00000000e9500000, 0x00000000e9600000|  0%| F|  |TAMS 0x00000000e9500000, 0x00000000e9500000| Untracked 
| 150|0x00000000e9600000, 0x00000000e9700000, 0x00000000e9700000|100%| O|  |TAMS 0x00000000e9700000, 0x00000000e9600000| Untracked 
| 151|0x00000000e9700000, 0x00000000e9800000, 0x00000000e9800000|100%| O|  |TAMS 0x00000000e9800000, 0x00000000e9700000| Untracked 
| 152|0x00000000e9800000, 0x00000000e9900000, 0x00000000e9900000|100%| O|  |TAMS 0x00000000e9900000, 0x00000000e9800000| Untracked 
| 153|0x00000000e9900000, 0x00000000e9a00000, 0x00000000e9a00000|100%| O|  |TAMS 0x00000000e9a00000, 0x00000000e9900000| Untracked 
| 154|0x00000000e9a00000, 0x00000000e9b00000, 0x00000000e9b00000|100%| O|  |TAMS 0x00000000e9b00000, 0x00000000e9a00000| Untracked 
| 155|0x00000000e9b00000, 0x00000000e9c00000, 0x00000000e9c00000|100%| O|  |TAMS 0x00000000e9c00000, 0x00000000e9b00000| Untracked 
| 156|0x00000000e9c00000, 0x00000000e9d00000, 0x00000000e9d00000|100%| O|  |TAMS 0x00000000e9d00000, 0x00000000e9c00000| Untracked 
| 157|0x00000000e9d00000, 0x00000000e9e00000, 0x00000000e9e00000|100%| O|  |TAMS 0x00000000e9e00000, 0x00000000e9d00000| Untracked 
| 158|0x00000000e9e00000, 0x00000000e9f00000, 0x00000000e9f00000|100%| O|  |TAMS 0x00000000e9f00000, 0x00000000e9e00000| Untracked 
| 159|0x00000000e9f00000, 0x00000000ea000000, 0x00000000ea000000|100%| O|  |TAMS 0x00000000ea000000, 0x00000000e9f00000| Untracked 
| 160|0x00000000ea000000, 0x00000000ea000000, 0x00000000ea100000|  0%| F|  |TAMS 0x00000000ea000000, 0x00000000ea000000| Untracked 
| 161|0x00000000ea100000, 0x00000000ea100000, 0x00000000ea200000|  0%| F|  |TAMS 0x00000000ea100000, 0x00000000ea100000| Untracked 
| 162|0x00000000ea200000, 0x00000000ea200000, 0x00000000ea300000|  0%| F|  |TAMS 0x00000000ea200000, 0x00000000ea200000| Untracked 
| 163|0x00000000ea300000, 0x00000000ea300000, 0x00000000ea400000|  0%| F|  |TAMS 0x00000000ea300000, 0x00000000ea300000| Untracked 
| 164|0x00000000ea400000, 0x00000000ea400000, 0x00000000ea500000|  0%| F|  |TAMS 0x00000000ea400000, 0x00000000ea400000| Untracked 
| 165|0x00000000ea500000, 0x00000000ea500000, 0x00000000ea600000|  0%| F|  |TAMS 0x00000000ea500000, 0x00000000ea500000| Untracked 
| 166|0x00000000ea600000, 0x00000000ea600000, 0x00000000ea700000|  0%| F|  |TAMS 0x00000000ea600000, 0x00000000ea600000| Untracked 
| 167|0x00000000ea700000, 0x00000000ea700000, 0x00000000ea800000|  0%| F|  |TAMS 0x00000000ea700000, 0x00000000ea700000| Untracked 
| 168|0x00000000ea800000, 0x00000000ea800000, 0x00000000ea900000|  0%| F|  |TAMS 0x00000000ea800000, 0x00000000ea800000| Untracked 
| 169|0x00000000ea900000, 0x00000000ea900000, 0x00000000eaa00000|  0%| F|  |TAMS 0x00000000ea900000, 0x00000000ea900000| Untracked 
| 170|0x00000000eaa00000, 0x00000000eaa00000, 0x00000000eab00000|  0%| F|  |TAMS 0x00000000eaa00000, 0x00000000eaa00000| Untracked 
| 171|0x00000000eab00000, 0x00000000eab00000, 0x00000000eac00000|  0%| F|  |TAMS 0x00000000eab00000, 0x00000000eab00000| Untracked 
| 172|0x00000000eac00000, 0x00000000eac00000, 0x00000000ead00000|  0%| F|  |TAMS 0x00000000eac00000, 0x00000000eac00000| Untracked 
| 173|0x00000000ead00000, 0x00000000ead00000, 0x00000000eae00000|  0%| F|  |TAMS 0x00000000ead00000, 0x00000000ead00000| Untracked 
| 174|0x00000000eae00000, 0x00000000eae00000, 0x00000000eaf00000|  0%| F|  |TAMS 0x00000000eae00000, 0x00000000eae00000| Untracked 
| 175|0x00000000eaf00000, 0x00000000eaf00000, 0x00000000eb000000|  0%| F|  |TAMS 0x00000000eaf00000, 0x00000000eaf00000| Untracked 
| 176|0x00000000eb000000, 0x00000000eb000000, 0x00000000eb100000|  0%| F|  |TAMS 0x00000000eb000000, 0x00000000eb000000| Untracked 
| 177|0x00000000eb100000, 0x00000000eb100000, 0x00000000eb200000|  0%| F|  |TAMS 0x00000000eb100000, 0x00000000eb100000| Untracked 
| 178|0x00000000eb200000, 0x00000000eb200000, 0x00000000eb300000|  0%| F|  |TAMS 0x00000000eb200000, 0x00000000eb200000| Untracked 
| 179|0x00000000eb300000, 0x00000000eb300000, 0x00000000eb400000|  0%| F|  |TAMS 0x00000000eb300000, 0x00000000eb300000| Untracked 
| 180|0x00000000eb400000, 0x00000000eb400000, 0x00000000eb500000|  0%| F|  |TAMS 0x00000000eb400000, 0x00000000eb400000| Untracked 
| 181|0x00000000eb500000, 0x00000000eb500000, 0x00000000eb600000|  0%| F|  |TAMS 0x00000000eb500000, 0x00000000eb500000| Untracked 
| 182|0x00000000eb600000, 0x00000000eb6a0fb0, 0x00000000eb700000| 62%| S|CS|TAMS 0x00000000eb600000, 0x00000000eb600000| Complete 
| 183|0x00000000eb700000, 0x00000000eb700000, 0x00000000eb800000|  0%| F|  |TAMS 0x00000000eb700000, 0x00000000eb700000| Untracked 
| 184|0x00000000eb800000, 0x00000000eb800000, 0x00000000eb900000|  0%| F|  |TAMS 0x00000000eb800000, 0x00000000eb800000| Untracked 
| 185|0x00000000eb900000, 0x00000000eb900000, 0x00000000eba00000|  0%| F|  |TAMS 0x00000000eb900000, 0x00000000eb900000| Untracked 
| 186|0x00000000eba00000, 0x00000000eba00000, 0x00000000ebb00000|  0%| F|  |TAMS 0x00000000eba00000, 0x00000000eba00000| Untracked 
| 187|0x00000000ebb00000, 0x00000000ebb00000, 0x00000000ebc00000|  0%| F|  |TAMS 0x00000000ebb00000, 0x00000000ebb00000| Untracked 
| 188|0x00000000ebc00000, 0x00000000ebc00000, 0x00000000ebd00000|  0%| F|  |TAMS 0x00000000ebc00000, 0x00000000ebc00000| Untracked 
| 189|0x00000000ebd00000, 0x00000000ebd00000, 0x00000000ebe00000|  0%| F|  |TAMS 0x00000000ebd00000, 0x00000000ebd00000| Untracked 
| 190|0x00000000ebe00000, 0x00000000ebe00000, 0x00000000ebf00000|  0%| F|  |TAMS 0x00000000ebe00000, 0x00000000ebe00000| Untracked 
| 191|0x00000000ebf00000, 0x00000000ebf00000, 0x00000000ec000000|  0%| F|  |TAMS 0x00000000ebf00000, 0x00000000ebf00000| Untracked 
| 192|0x00000000ec000000, 0x00000000ec000000, 0x00000000ec100000|  0%| F|  |TAMS 0x00000000ec000000, 0x00000000ec000000| Untracked 
| 193|0x00000000ec100000, 0x00000000ec100000, 0x00000000ec200000|  0%| F|  |TAMS 0x00000000ec100000, 0x00000000ec100000| Untracked 
| 194|0x00000000ec200000, 0x00000000ec200000, 0x00000000ec300000|  0%| F|  |TAMS 0x00000000ec200000, 0x00000000ec200000| Untracked 
| 195|0x00000000ec300000, 0x00000000ec300000, 0x00000000ec400000|  0%| F|  |TAMS 0x00000000ec300000, 0x00000000ec300000| Untracked 
| 196|0x00000000ec400000, 0x00000000ec400000, 0x00000000ec500000|  0%| F|  |TAMS 0x00000000ec400000, 0x00000000ec400000| Untracked 
| 197|0x00000000ec500000, 0x00000000ec500000, 0x00000000ec600000|  0%| F|  |TAMS 0x00000000ec500000, 0x00000000ec500000| Untracked 
| 198|0x00000000ec600000, 0x00000000ec600000, 0x00000000ec700000|  0%| F|  |TAMS 0x00000000ec600000, 0x00000000ec600000| Untracked 
| 199|0x00000000ec700000, 0x00000000ec700000, 0x00000000ec800000|  0%| F|  |TAMS 0x00000000ec700000, 0x00000000ec700000| Untracked 
| 200|0x00000000ec800000, 0x00000000ec800000, 0x00000000ec900000|  0%| F|  |TAMS 0x00000000ec800000, 0x00000000ec800000| Untracked 
| 201|0x00000000ec900000, 0x00000000ec900000, 0x00000000eca00000|  0%| F|  |TAMS 0x00000000ec900000, 0x00000000ec900000| Untracked 
| 202|0x00000000eca00000, 0x00000000eca00000, 0x00000000ecb00000|  0%| F|  |TAMS 0x00000000eca00000, 0x00000000eca00000| Untracked 
| 203|0x00000000ecb00000, 0x00000000ecb00000, 0x00000000ecc00000|  0%| F|  |TAMS 0x00000000ecb00000, 0x00000000ecb00000| Untracked 
| 204|0x00000000ecc00000, 0x00000000ecc00000, 0x00000000ecd00000|  0%| F|  |TAMS 0x00000000ecc00000, 0x00000000ecc00000| Untracked 
| 205|0x00000000ecd00000, 0x00000000ecd00000, 0x00000000ece00000|  0%| F|  |TAMS 0x00000000ecd00000, 0x00000000ecd00000| Untracked 
| 206|0x00000000ece00000, 0x00000000ece00000, 0x00000000ecf00000|  0%| F|  |TAMS 0x00000000ece00000, 0x00000000ece00000| Untracked 
| 207|0x00000000ecf00000, 0x00000000ecf00000, 0x00000000ed000000|  0%| F|  |TAMS 0x00000000ecf00000, 0x00000000ecf00000| Untracked 
| 208|0x00000000ed000000, 0x00000000ed000000, 0x00000000ed100000|  0%| F|  |TAMS 0x00000000ed000000, 0x00000000ed000000| Untracked 
| 209|0x00000000ed100000, 0x00000000ed100000, 0x00000000ed200000|  0%| F|  |TAMS 0x00000000ed100000, 0x00000000ed100000| Untracked 
| 210|0x00000000ed200000, 0x00000000ed200000, 0x00000000ed300000|  0%| F|  |TAMS 0x00000000ed200000, 0x00000000ed200000| Untracked 
| 211|0x00000000ed300000, 0x00000000ed300000, 0x00000000ed400000|  0%| F|  |TAMS 0x00000000ed300000, 0x00000000ed300000| Untracked 
| 212|0x00000000ed400000, 0x00000000ed400000, 0x00000000ed500000|  0%| F|  |TAMS 0x00000000ed400000, 0x00000000ed400000| Untracked 
| 213|0x00000000ed500000, 0x00000000ed500000, 0x00000000ed600000|  0%| F|  |TAMS 0x00000000ed500000, 0x00000000ed500000| Untracked 
| 214|0x00000000ed600000, 0x00000000ed600000, 0x00000000ed700000|  0%| F|  |TAMS 0x00000000ed600000, 0x00000000ed600000| Untracked 
| 215|0x00000000ed700000, 0x00000000ed700000, 0x00000000ed800000|  0%| F|  |TAMS 0x00000000ed700000, 0x00000000ed700000| Untracked 
| 216|0x00000000ed800000, 0x00000000ed800000, 0x00000000ed900000|  0%| F|  |TAMS 0x00000000ed800000, 0x00000000ed800000| Untracked 
| 217|0x00000000ed900000, 0x00000000ed900000, 0x00000000eda00000|  0%| F|  |TAMS 0x00000000ed900000, 0x00000000ed900000| Untracked 
| 218|0x00000000eda00000, 0x00000000eda00000, 0x00000000edb00000|  0%| F|  |TAMS 0x00000000eda00000, 0x00000000eda00000| Untracked 
| 219|0x00000000edb00000, 0x00000000edb00000, 0x00000000edc00000|  0%| F|  |TAMS 0x00000000edb00000, 0x00000000edb00000| Untracked 
| 220|0x00000000edc00000, 0x00000000edc00000, 0x00000000edd00000|  0%| F|  |TAMS 0x00000000edc00000, 0x00000000edc00000| Untracked 
| 221|0x00000000edd00000, 0x00000000edd00000, 0x00000000ede00000|  0%| F|  |TAMS 0x00000000edd00000, 0x00000000edd00000| Untracked 
| 222|0x00000000ede00000, 0x00000000ede00000, 0x00000000edf00000|  0%| F|  |TAMS 0x00000000ede00000, 0x00000000ede00000| Untracked 
| 223|0x00000000edf00000, 0x00000000edf00000, 0x00000000ee000000|  0%| F|  |TAMS 0x00000000edf00000, 0x00000000edf00000| Untracked 
| 224|0x00000000ee000000, 0x00000000ee000000, 0x00000000ee100000|  0%| F|  |TAMS 0x00000000ee000000, 0x00000000ee000000| Untracked 
| 225|0x00000000ee100000, 0x00000000ee100000, 0x00000000ee200000|  0%| F|  |TAMS 0x00000000ee100000, 0x00000000ee100000| Untracked 
| 226|0x00000000ee200000, 0x00000000ee200000, 0x00000000ee300000|  0%| F|  |TAMS 0x00000000ee200000, 0x00000000ee200000| Untracked 
| 227|0x00000000ee300000, 0x00000000ee300000, 0x00000000ee400000|  0%| F|  |TAMS 0x00000000ee300000, 0x00000000ee300000| Untracked 
| 228|0x00000000ee400000, 0x00000000ee400000, 0x00000000ee500000|  0%| F|  |TAMS 0x00000000ee400000, 0x00000000ee400000| Untracked 
| 229|0x00000000ee500000, 0x00000000ee500000, 0x00000000ee600000|  0%| F|  |TAMS 0x00000000ee500000, 0x00000000ee500000| Untracked 
| 230|0x00000000ee600000, 0x00000000ee600000, 0x00000000ee700000|  0%| F|  |TAMS 0x00000000ee600000, 0x00000000ee600000| Untracked 
| 231|0x00000000ee700000, 0x00000000ee700000, 0x00000000ee800000|  0%| F|  |TAMS 0x00000000ee700000, 0x00000000ee700000| Untracked 
| 232|0x00000000ee800000, 0x00000000ee800000, 0x00000000ee900000|  0%| F|  |TAMS 0x00000000ee800000, 0x00000000ee800000| Untracked 
| 233|0x00000000ee900000, 0x00000000ee900000, 0x00000000eea00000|  0%| F|  |TAMS 0x00000000ee900000, 0x00000000ee900000| Untracked 
| 234|0x00000000eea00000, 0x00000000eea00000, 0x00000000eeb00000|  0%| F|  |TAMS 0x00000000eea00000, 0x00000000eea00000| Untracked 
| 235|0x00000000eeb00000, 0x00000000eeb00000, 0x00000000eec00000|  0%| F|  |TAMS 0x00000000eeb00000, 0x00000000eeb00000| Untracked 
| 236|0x00000000eec00000, 0x00000000eec00000, 0x00000000eed00000|  0%| F|  |TAMS 0x00000000eec00000, 0x00000000eec00000| Untracked 
| 237|0x00000000eed00000, 0x00000000eed00000, 0x00000000eee00000|  0%| F|  |TAMS 0x00000000eed00000, 0x00000000eed00000| Untracked 
| 238|0x00000000eee00000, 0x00000000eee00000, 0x00000000eef00000|  0%| F|  |TAMS 0x00000000eee00000, 0x00000000eee00000| Untracked 
| 239|0x00000000eef00000, 0x00000000eef00000, 0x00000000ef000000|  0%| F|  |TAMS 0x00000000eef00000, 0x00000000eef00000| Untracked 
| 240|0x00000000ef000000, 0x00000000ef000000, 0x00000000ef100000|  0%| F|  |TAMS 0x00000000ef000000, 0x00000000ef000000| Untracked 
| 241|0x00000000ef100000, 0x00000000ef100000, 0x00000000ef200000|  0%| F|  |TAMS 0x00000000ef100000, 0x00000000ef100000| Untracked 
| 242|0x00000000ef200000, 0x00000000ef200000, 0x00000000ef300000|  0%| F|  |TAMS 0x00000000ef200000, 0x00000000ef200000| Untracked 
| 243|0x00000000ef300000, 0x00000000ef300000, 0x00000000ef400000|  0%| F|  |TAMS 0x00000000ef300000, 0x00000000ef300000| Untracked 
| 244|0x00000000ef400000, 0x00000000ef400000, 0x00000000ef500000|  0%| F|  |TAMS 0x00000000ef400000, 0x00000000ef400000| Untracked 
| 245|0x00000000ef500000, 0x00000000ef500000, 0x00000000ef600000|  0%| F|  |TAMS 0x00000000ef500000, 0x00000000ef500000| Untracked 
| 246|0x00000000ef600000, 0x00000000ef600000, 0x00000000ef700000|  0%| F|  |TAMS 0x00000000ef600000, 0x00000000ef600000| Untracked 
| 247|0x00000000ef700000, 0x00000000ef700000, 0x00000000ef800000|  0%| F|  |TAMS 0x00000000ef700000, 0x00000000ef700000| Untracked 
| 248|0x00000000ef800000, 0x00000000ef800000, 0x00000000ef900000|  0%| F|  |TAMS 0x00000000ef800000, 0x00000000ef800000| Untracked 
| 249|0x00000000ef900000, 0x00000000ef900000, 0x00000000efa00000|  0%| F|  |TAMS 0x00000000ef900000, 0x00000000ef900000| Untracked 
| 250|0x00000000efa00000, 0x00000000efa00000, 0x00000000efb00000|  0%| F|  |TAMS 0x00000000efa00000, 0x00000000efa00000| Untracked 
| 251|0x00000000efb00000, 0x00000000efb00000, 0x00000000efc00000|  0%| F|  |TAMS 0x00000000efb00000, 0x00000000efb00000| Untracked 
| 252|0x00000000efc00000, 0x00000000efc00000, 0x00000000efd00000|  0%| F|  |TAMS 0x00000000efc00000, 0x00000000efc00000| Untracked 
| 253|0x00000000efd00000, 0x00000000efd00000, 0x00000000efe00000|  0%| F|  |TAMS 0x00000000efd00000, 0x00000000efd00000| Untracked 
| 254|0x00000000efe00000, 0x00000000efe00000, 0x00000000eff00000|  0%| F|  |TAMS 0x00000000efe00000, 0x00000000efe00000| Untracked 
| 255|0x00000000eff00000, 0x00000000effd2568, 0x00000000f0000000| 82%| E|  |TAMS 0x00000000eff00000, 0x00000000eff00000| Complete 

Card table byte_map: [0x0000021af51e0000,0x0000021af52e0000] _byte_map_base: 0x0000021af4ae0000

Marking Bits (Prev, Next): (CMBitMap*) 0x0000021aed725670, (CMBitMap*) 0x0000021aed725638
 Prev Bits: [0x0000021af5be0000, 0x0000021af63e0000)
 Next Bits: [0x0000021af53e0000, 0x0000021af5be0000)

Polling page: 0x0000021aeb670000

Metaspace:

Usage:
  Non-class:     67.98 MB capacity,    66.94 MB ( 98%) used,   928.18 KB (  1%) free+waste,   140.19 KB ( <1%) overhead. 
      Class:      9.58 MB capacity,     9.02 MB ( 94%) used,   515.16 KB (  5%) free+waste,    60.63 KB ( <1%) overhead. 
       Both:     77.56 MB capacity,    75.96 MB ( 98%) used,     1.41 MB (  2%) free+waste,   200.81 KB ( <1%) overhead. 

Virtual space:
  Non-class space:       70.00 MB reserved,      68.50 MB ( 98%) committed 
      Class space:      248.00 MB reserved,       9.75 MB (  4%) committed 
             Both:      318.00 MB reserved,      78.25 MB ( 25%) committed 

Chunk freelists:
   Non-Class:  50.25 KB
       Class:  17.75 KB
        Both:  68.00 KB

CodeHeap 'non-profiled nmethods': size=120000Kb used=8873Kb max_used=8873Kb free=111126Kb
 bounds [0x0000021a87ad0000, 0x0000021a88380000, 0x0000021a8f000000]
CodeHeap 'profiled nmethods': size=120000Kb used=32844Kb max_used=32844Kb free=87155Kb
 bounds [0x0000021a805a0000, 0x0000021a825c0000, 0x0000021a87ad0000]
CodeHeap 'non-nmethods': size=5760Kb used=2284Kb max_used=2339Kb free=3475Kb
 bounds [0x0000021a80000000, 0x0000021a80270000, 0x0000021a805a0000]
 total_blobs=14502 nmethods=13622 adapters=790
 compilation: enabled
              stopped_count=0, restarted_count=0
 full_count=0

Compilation events (10 events):
Event: 1272.947 Thread 0x0000021af97b6800 15041       2       org.objectweb.asm.AnnotationVisitor::visitEnum (18 bytes)
Event: 1272.948 Thread 0x0000021af97b6800 nmethod 15041 0x0000021a825b1f90 code [0x0000021a825b2120, 0x0000021a825b2248]
Event: 1272.948 Thread 0x0000021af97b6800 15042       2       org.objectweb.asm.AnnotationWriter::visitEnum (63 bytes)
Event: 1272.948 Thread 0x0000021af97b6800 nmethod 15042 0x0000021a825b2310 code [0x0000021a825b2500, 0x0000021a825b2738]
Event: 1273.012 Thread 0x0000021af97b6800 15045       2       org.objectweb.asm.MethodVisitor::visitLookupSwitchInsn (18 bytes)
Event: 1273.012 Thread 0x0000021af97b6800 nmethod 15045 0x0000021a825b2990 code [0x0000021a825b2b20, 0x0000021a825b2c48]
Event: 1273.062 Thread 0x0000021af8e62000 nmethod 14952 0x0000021a8836ee10 code [0x0000021a8836f540, 0x0000021a88377300]
Event: 1273.062 Thread 0x0000021af8e62000 15038       4       org.objectweb.asm.ClassReader::accept (1251 bytes)
Event: 1273.134 Thread 0x0000021af97b6800 15047 %     3       java.util.WeakHashMap$HashIterator::hasNext @ 25 (95 bytes)
Event: 1273.135 Thread 0x0000021af97b6800 nmethod 15047% 0x0000021a825b2d10 code [0x0000021a825b2ee0, 0x0000021a825b34b8]

GC Heap History (10 events):
Event: 1271.234 GC heap before
{Heap before GC invocations=54 (full 0):
 garbage-first heap   total 262144K, used 217372K [0x00000000e0000000, 0x0000000100000000)
  region size 1024K, 77 young (78848K), 5 survivors (5120K)
 Metaspace       used 77516K, capacity 79177K, committed 79872K, reserved 325632K
  class space    used 9205K, capacity 9789K, committed 9984K, reserved 253952K
}
Event: 1271.249 GC heap after
{Heap after GC invocations=55 (full 0):
 garbage-first heap   total 262144K, used 148841K [0x00000000e0000000, 0x0000000100000000)
  region size 1024K, 9 young (9216K), 9 survivors (9216K)
 Metaspace       used 77516K, capacity 79177K, committed 79872K, reserved 325632K
  class space    used 9205K, capacity 9789K, committed 9984K, reserved 253952K
}
Event: 1271.284 GC heap before
{Heap before GC invocations=55 (full 0):
 garbage-first heap   total 262144K, used 151913K [0x00000000e0000000, 0x0000000100000000)
  region size 1024K, 12 young (12288K), 9 survivors (9216K)
 Metaspace       used 77541K, capacity 79177K, committed 79872K, reserved 325632K
  class space    used 9207K, capacity 9789K, committed 9984K, reserved 253952K
}
Event: 1271.312 GC heap after
{Heap after GC invocations=56 (full 0):
 garbage-first heap   total 262144K, used 145901K [0x00000000e0000000, 0x0000000100000000)
  region size 1024K, 2 young (2048K), 2 survivors (2048K)
 Metaspace       used 77541K, capacity 79177K, committed 79872K, reserved 325632K
  class space    used 9207K, capacity 9789K, committed 9984K, reserved 253952K
}
Event: 1271.909 GC heap before
{Heap before GC invocations=56 (full 0):
 garbage-first heap   total 262144K, used 218605K [0x00000000e0000000, 0x0000000100000000)
  region size 1024K, 73 young (74752K), 2 survivors (2048K)
 Metaspace       used 77606K, capacity 79241K, committed 80128K, reserved 325632K
  class space    used 9209K, capacity 9789K, committed 9984K, reserved 253952K
}
Event: 1271.913 GC heap after
{Heap after GC invocations=57 (full 0):
 garbage-first heap   total 262144K, used 144711K [0x00000000e0000000, 0x0000000100000000)
  region size 1024K, 1 young (1024K), 1 survivors (1024K)
 Metaspace       used 77606K, capacity 79241K, committed 80128K, reserved 325632K
  class space    used 9209K, capacity 9789K, committed 9984K, reserved 253952K
}
Event: 1272.804 GC heap before
{Heap before GC invocations=58 (full 0):
 garbage-first heap   total 262144K, used 220487K [0x00000000e0000000, 0x0000000100000000)
  region size 1024K, 74 young (75776K), 1 survivors (1024K)
 Metaspace       used 77614K, capacity 79241K, committed 80128K, reserved 325632K
  class space    used 9210K, capacity 9789K, committed 9984K, reserved 253952K
}
Event: 1272.809 GC heap after
{Heap after GC invocations=59 (full 0):
 garbage-first heap   total 262144K, used 151160K [0x00000000e0000000, 0x0000000100000000)
  region size 1024K, 7 young (7168K), 7 survivors (7168K)
 Metaspace       used 77614K, capacity 79241K, committed 80128K, reserved 325632K
  class space    used 9210K, capacity 9789K, committed 9984K, reserved 253952K
}
Event: 1272.830 GC heap before
{Heap before GC invocations=59 (full 0):
 garbage-first heap   total 262144K, used 156280K [0x00000000e0000000, 0x0000000100000000)
  region size 1024K, 12 young (12288K), 7 survivors (7168K)
 Metaspace       used 77614K, capacity 79241K, committed 80128K, reserved 325632K
  class space    used 9210K, capacity 9789K, committed 9984K, reserved 253952K
}
Event: 1272.836 GC heap after
{Heap after GC invocations=60 (full 0):
 garbage-first heap   total 262144K, used 145552K [0x00000000e0000000, 0x0000000100000000)
  region size 1024K, 1 young (1024K), 1 survivors (1024K)
 Metaspace       used 77614K, capacity 79241K, committed 80128K, reserved 325632K
  class space    used 9210K, capacity 9789K, committed 9984K, reserved 253952K
}

Deoptimization events (10 events):
Event: 1269.751 Thread 0x0000021afe3fc800 Uncommon trap: reason=unstable_if action=reinterpret pc=0x0000021a881f08d4 method=java.lang.String.regionMatches(ZILjava/lang/String;II)Z @ 1 c2
Event: 1271.193 Thread 0x0000021afe3fc800 Uncommon trap: reason=unstable_if action=reinterpret pc=0x0000021a880dc94c method=java.util.regex.Pattern.range(Ljava/util/regex/Pattern$BitClass;)Ljava/util/regex/Pattern$CharPredicate; @ 19 c2
Event: 1271.206 Thread 0x0000021afe3fc800 Uncommon trap: reason=unstable_if action=reinterpret pc=0x0000021a87b073e4 method=org.objectweb.asm.MethodWriter.visitLabel(Lorg/objectweb/asm/Label;)V @ 312 c2
Event: 1271.206 Thread 0x0000021afe3fc800 Uncommon trap: reason=unstable_if action=reinterpret pc=0x0000021a87aeccf8 method=org.objectweb.asm.MethodWriter.visitInsn(I)V @ 32 c2
Event: 1271.206 Thread 0x0000021afe3fc800 Uncommon trap: reason=unstable_if action=reinterpret pc=0x0000021a87b0c000 method=org.objectweb.asm.MethodWriter.visitMethodInsn(ILjava/lang/String;Ljava/lang/String;Ljava/lang/String;Z)V @ 89 c2
Event: 1271.226 Thread 0x0000021afe3fc800 Uncommon trap: reason=unstable_if action=reinterpret pc=0x0000021a87ebbcc4 method=org.objectweb.asm.ClassReader.readUtf(II[C)Ljava/lang/String; @ 41 c2
Event: 1271.320 Thread 0x0000021afe3fc800 Uncommon trap: reason=unstable_if action=reinterpret pc=0x0000021a88339c78 method=org.objectweb.asm.Type.getArgumentsAndReturnSizes(Ljava/lang/String;)I @ 115 c2
Event: 1271.698 Thread 0x0000021afe3fc800 Uncommon trap: reason=unstable_if action=reinterpret pc=0x0000021a88341f58 method=com.google.common.collect.ImmutableSortedSet.construct(Ljava/util/Comparator;I[Ljava/lang/Object;)Lcom/google/common/collect/ImmutableSortedSet; @ 30 c2
Event: 1272.050 Thread 0x0000021afe3fc800 Uncommon trap: reason=unstable_if action=reinterpret pc=0x0000021a881a156c method=org.objectweb.asm.ByteVector.putUTF8(Ljava/lang/String;)Lorg/objectweb/asm/ByteVector; @ 100 c2
Event: 1272.136 Thread 0x0000021afe3fc800 Uncommon trap: reason=unstable_fused_if action=reinterpret pc=0x0000021a87c33b64 method=org.objectweb.asm.ByteVector.putUTF8(Ljava/lang/String;)Lorg/objectweb/asm/ByteVector; @ 93 c2

Classes redefined (0 events):
No events

Internal exceptions (10 events):
Event: 1269.648 Thread 0x0000021afbad6800 Exception <a 'java/lang/ClassNotFoundException'{0x00000000ecdc2910}: [Ljava/lang/String;Customizer> (0x00000000ecdc2910) thrown at [./open/src/hotspot/share/prims/jni.cpp, line 632]
Event: 1269.652 Thread 0x0000021afe3fc800 Exception <a 'java/lang/NoSuchMethodError'{0x00000000ecc073d8}: java.lang.invoke.DirectMethodHandle$Holder.invokeSpecial(Ljava/lang/Object;Ljava/lang/Object;Ljava/lang/Object;Ljava/lang/Object;Ljava/lang/Object;Ljava/lang/Object;Ljava/lang/Object;Ljava/la
Event: 1269.652 Thread 0x0000021afe3fc800 Exception <a 'java/lang/NoSuchMethodError'{0x00000000ecc0b328}: java.lang.invoke.Invokers$Holder.linkToTargetMethod(Ljava/lang/Object;Ljava/lang/Object;Ljava/lang/Object;Ljava/lang/Object;Ljava/lang/Object;Ljava/lang/Object;Ljava/lang/Object;Ljava/lang/Ob
Event: 1269.666 Thread 0x0000021afbad8000 Exception <a 'java/lang/NoSuchMethodError'{0x00000000ecb34d30}: static Lorg/gradle/tooling/internal/provider/events/DefaultTaskStartedProgressEvent;.<clinit>()V> (0x00000000ecb34d30) thrown at [./open/src/hotspot/share/prims/jni.cpp, line 1366]
Event: 1269.667 Thread 0x0000021afbad8000 Exception <a 'java/lang/NoSuchMethodError'{0x00000000ecb36860}: static Lorg/gradle/tooling/internal/provider/events/AbstractProgressEvent;.<clinit>()V> (0x00000000ecb36860) thrown at [./open/src/hotspot/share/prims/jni.cpp, line 1366]
Event: 1269.667 Thread 0x0000021afbad8000 Exception <a 'java/lang/NoSuchMethodError'{0x00000000ecb42a08}: static Lorg/gradle/tooling/internal/provider/events/DefaultTaskDescriptor;.<clinit>()V> (0x00000000ecb42a08) thrown at [./open/src/hotspot/share/prims/jni.cpp, line 1366]
Event: 1269.670 Thread 0x0000021afbad8000 Exception <a 'java/lang/NoSuchMethodError'{0x00000000ecb629a8}: static Lorg/gradle/internal/operations/OperationIdentifier;.<clinit>()V> (0x00000000ecb629a8) thrown at [./open/src/hotspot/share/prims/jni.cpp, line 1366]
Event: 1269.671 Thread 0x0000021afbad8000 Exception <a 'java/lang/NoSuchMethodError'{0x00000000ecb8df18}: static Lorg/gradle/tooling/internal/provider/events/DefaultBinaryPluginIdentifier;.<clinit>()V> (0x00000000ecb8df18) thrown at [./open/src/hotspot/share/prims/jni.cpp, line 1366]
Event: 1269.785 Thread 0x0000021afe3fc800 Exception <a 'java/lang/NoSuchMethodError'{0x00000000ec92d2e0}: java.lang.invoke.DirectMethodHandle$Holder.invokeStatic(Ljava/lang/Object;Ljava/lang/Object;Ljava/lang/Object;Ljava/lang/Object;Ljava/lang/Object;Ljava/lang/Object;Ljava/lang/Object;)V> (0x00
Event: 1273.134 Thread 0x0000021afe3fc800 Exception <a 'java/lang/OutOfMemoryError'{0x00000000eb9c5230}> (0x00000000eb9c5230) thrown at [./open/src/hotspot/share/prims/jni.cpp, line 632]

Events (10 events):
Event: 1272.315 loading class org/gradle/api/internal/tasks/compile/AnnotationAnnotationValue
Event: 1272.315 loading class org/gradle/api/internal/tasks/compile/AnnotationAnnotationValue done
Event: 1272.410 Thread 0x0000021afe3fc800 DEOPT PACKING pc=0x0000021a8255957e sp=0x0000004c45cfc3b0
Event: 1272.410 Thread 0x0000021afe3fc800 DEOPT UNPACKING pc=0x0000021a80026dde sp=0x0000004c45cfb8d0 mode 0
Event: 1272.804 Executing VM operation: G1CollectForAllocation
Event: 1272.809 Executing VM operation: G1CollectForAllocation done
Event: 1272.830 Executing VM operation: G1CollectForAllocation
Event: 1272.836 Executing VM operation: G1CollectForAllocation done
Event: 1273.134 loading class java/util/zip/DataFormatException
Event: 1273.134 loading class java/util/zip/DataFormatException done


Dynamic libraries:
0x00007ff641c50000 - 0x00007ff641c5f000 	C:\Program Files\Java\jdk-11.0.15.1\bin\java.exe
0x00007ffaab0c0000 - 0x00007ffaab2c9000 	C:\WINDOWS\SYSTEM32\ntdll.dll
0x00007ffaaa800000 - 0x00007ffaaa8bd000 	C:\WINDOWS\System32\KERNEL32.DLL
0x00007ffaa85a0000 - 0x00007ffaa891c000 	C:\WINDOWS\System32\KERNELBASE.dll
0x00007ffaa8950000 - 0x00007ffaa8a61000 	C:\WINDOWS\System32\ucrtbase.dll
0x00007ffa8ecf0000 - 0x00007ffa8ed05000 	C:\Program Files\Java\jdk-11.0.15.1\bin\VCRUNTIME140.dll
0x00007ffa90960000 - 0x00007ffa90978000 	C:\Program Files\Java\jdk-11.0.15.1\bin\jli.dll
0x00007ffaaa940000 - 0x00007ffaaa9ee000 	C:\WINDOWS\System32\ADVAPI32.dll
0x00007ffaa94b0000 - 0x00007ffaa9553000 	C:\WINDOWS\System32\msvcrt.dll
0x00007ffaaa740000 - 0x00007ffaaa7de000 	C:\WINDOWS\System32\sechost.dll
0x00007ffaa9380000 - 0x00007ffaa94a0000 	C:\WINDOWS\System32\RPCRT4.dll
0x00007ffaa8f50000 - 0x00007ffaa90fd000 	C:\WINDOWS\System32\USER32.dll
0x00007ffa8c100000 - 0x00007ffa8c3a5000 	C:\WINDOWS\WinSxS\amd64_microsoft.windows.common-controls_6595b64144ccf1df_6.0.22000.120_none_9d947278b86cc467\COMCTL32.dll
0x00007ffaa8920000 - 0x00007ffaa8946000 	C:\WINDOWS\System32\win32u.dll
0x00007ffaab050000 - 0x00007ffaab079000 	C:\WINDOWS\System32\GDI32.dll
0x00007ffaa8dc0000 - 0x00007ffaa8ed9000 	C:\WINDOWS\System32\gdi32full.dll
0x00007ffaa8a70000 - 0x00007ffaa8b0d000 	C:\WINDOWS\System32\msvcp_win.dll
0x00007ffa9fda0000 - 0x00007ffa9fdaa000 	C:\WINDOWS\SYSTEM32\VERSION.dll
0x00007ffaa9d80000 - 0x00007ffaa9db1000 	C:\WINDOWS\System32\IMM32.DLL
0x00007ffa6b430000 - 0x00007ffa6b4cb000 	C:\Program Files\Java\jdk-11.0.15.1\bin\msvcp140.dll
0x00007ffa5b540000 - 0x00007ffa5c056000 	C:\Program Files\Java\jdk-11.0.15.1\bin\server\jvm.dll
0x00007ffaa9360000 - 0x00007ffaa9368000 	C:\WINDOWS\System32\PSAPI.DLL
0x00007ffaa54f0000 - 0x00007ffaa54f9000 	C:\WINDOWS\SYSTEM32\WSOCK32.dll
0x00007ffaa25b0000 - 0x00007ffaa25e3000 	C:\WINDOWS\SYSTEM32\WINMM.dll
0x00007ffaaa9f0000 - 0x00007ffaaaa5f000 	C:\WINDOWS\System32\WS2_32.dll
0x00007ffaa7690000 - 0x00007ffaa76a8000 	C:\WINDOWS\SYSTEM32\kernel.appcore.dll
0x00007ffa9a5d0000 - 0x00007ffa9a5e0000 	C:\Program Files\Java\jdk-11.0.15.1\bin\verify.dll
0x00007ffaa61e0000 - 0x00007ffaa6401000 	C:\WINDOWS\SYSTEM32\DBGHELP.DLL
0x00007ffa93060000 - 0x00007ffa93091000 	C:\WINDOWS\SYSTEM32\dbgcore.DLL
0x00007ffaa8b10000 - 0x00007ffaa8b8f000 	C:\WINDOWS\System32\bcryptPrimitives.dll
0x00007ffa8b2e0000 - 0x00007ffa8b308000 	C:\Program Files\Java\jdk-11.0.15.1\bin\java.dll
0x00007ffa9a060000 - 0x00007ffa9a06a000 	C:\Program Files\Java\jdk-11.0.15.1\bin\jimage.dll
0x00007ffa8ea20000 - 0x00007ffa8ea36000 	C:\Program Files\Java\jdk-11.0.15.1\bin\zip.dll
0x00007ffaa95c0000 - 0x00007ffaa9d78000 	C:\WINDOWS\System32\SHELL32.dll
0x00007ffaa6700000 - 0x00007ffaa6f68000 	C:\WINDOWS\SYSTEM32\windows.storage.dll
0x00007ffaaa280000 - 0x00007ffaaa5f9000 	C:\WINDOWS\System32\combase.dll
0x00007ffaa6590000 - 0x00007ffaa66f6000 	C:\WINDOWS\SYSTEM32\wintypes.dll
0x00007ffaa9260000 - 0x00007ffaa934a000 	C:\WINDOWS\System32\SHCORE.dll
0x00007ffaa9560000 - 0x00007ffaa95bd000 	C:\WINDOWS\System32\shlwapi.dll
0x00007ffaa84d0000 - 0x00007ffaa84f1000 	C:\WINDOWS\SYSTEM32\profapi.dll
0x00007ffa8a0f0000 - 0x00007ffa8a109000 	C:\Program Files\Java\jdk-11.0.15.1\bin\net.dll
0x00007ffaa1000000 - 0x00007ffaa110c000 	C:\WINDOWS\SYSTEM32\WINHTTP.dll
0x00007ffaa7ac0000 - 0x00007ffaa7b27000 	C:\WINDOWS\system32\mswsock.dll
0x00007ffa89b60000 - 0x00007ffa89b72000 	C:\Program Files\Java\jdk-11.0.15.1\bin\nio.dll
0x00007ffa8ad90000 - 0x00007ffa8adb6000 	C:\Users\melis\.gradle\native\30\windows-amd64\native-platform.dll
0x00007ffa990d0000 - 0x00007ffa990d9000 	C:\Program Files\Java\jdk-11.0.15.1\bin\management.dll
0x00007ffa98ab0000 - 0x00007ffa98abb000 	C:\Program Files\Java\jdk-11.0.15.1\bin\management_ext.dll
0x00007ffaa7d10000 - 0x00007ffaa7d28000 	C:\WINDOWS\SYSTEM32\CRYPTSP.dll
0x00007ffaa75f0000 - 0x00007ffaa7625000 	C:\WINDOWS\system32\rsaenh.dll
0x00007ffaa7bb0000 - 0x00007ffaa7bd9000 	C:\WINDOWS\SYSTEM32\USERENV.dll
0x00007ffaa7e90000 - 0x00007ffaa7eb7000 	C:\WINDOWS\SYSTEM32\bcrypt.dll
0x00007ffaa7d00000 - 0x00007ffaa7d0c000 	C:\WINDOWS\SYSTEM32\CRYPTBASE.dll
0x00007ffaa71c0000 - 0x00007ffaa71ed000 	C:\WINDOWS\SYSTEM32\IPHLPAPI.DLL
0x00007ffaa94a0000 - 0x00007ffaa94a9000 	C:\WINDOWS\System32\NSI.dll
0x00007ffaa18f0000 - 0x00007ffaa1909000 	C:\WINDOWS\SYSTEM32\dhcpcsvc6.DLL
0x00007ffaa2570000 - 0x00007ffaa258e000 	C:\WINDOWS\SYSTEM32\dhcpcsvc.DLL
0x00007ffaa71f0000 - 0x00007ffaa72d8000 	C:\WINDOWS\SYSTEM32\DNSAPI.dll
0x00007ffa82110000 - 0x00007ffa82135000 	C:\Program Files\Java\jdk-11.0.15.1\bin\sunec.dll
0x00007ffa9bad0000 - 0x00007ffa9bada000 	C:\Windows\System32\rasadhlp.dll
0x00007ffa9f3a0000 - 0x00007ffa9f421000 	C:\WINDOWS\System32\fwpuclnt.dll
0x00007ffa9a550000 - 0x00007ffa9a55d000 	C:\Program Files\Java\jdk-11.0.15.1\bin\sunmscapi.dll
0x00007ffaa8c50000 - 0x00007ffaa8db2000 	C:\WINDOWS\System32\CRYPT32.dll
0x00007ffaa7e60000 - 0x00007ffaa7e88000 	C:\WINDOWS\SYSTEM32\ncrypt.dll
0x00007ffaa7e20000 - 0x00007ffaa7e57000 	C:\WINDOWS\SYSTEM32\NTASN1.dll

dbghelp: loaded successfully - version: 4.0.5 - missing functions: none
symbol engine: initialized successfully - sym options: 0x614 - pdb path: .;C:\Program Files\Java\jdk-11.0.15.1\bin;C:\WINDOWS\SYSTEM32;C:\WINDOWS\WinSxS\amd64_microsoft.windows.common-controls_6595b64144ccf1df_6.0.22000.120_none_9d947278b86cc467;C:\Program Files\Java\jdk-11.0.15.1\bin\server;C:\Users\melis\.gradle\native\30\windows-amd64

VM Arguments:
jvm_args: --add-opens=java.base/java.util=ALL-UNNAMED --add-opens=java.base/java.lang=ALL-UNNAMED --add-opens=java.base/java.lang.invoke=ALL-UNNAMED --add-opens=java.prefs/java.util.prefs=ALL-UNNAMED -XX:MaxMetaspaceSize=256m -XX:+HeapDumpOnOutOfMemoryError -Xms256m -Xmx512m -Dfile.encoding=windows-1252 -Duser.country=US -Duser.language=en -Duser.variant 
java_command: org.gradle.launcher.daemon.bootstrap.GradleDaemon 6.0.1
java_class_path (initial): C:\Users\melis\.gradle\wrapper\dists\gradle-6.0.1-bin\1lxlpkiy24sb18odw96cp4ojv\gradle-6.0.1\lib\gradle-launcher-6.0.1.jar
Launcher Type: SUN_STANDARD

[Global flags]
     intx CICompilerCount                          = 4                                         {product} {ergonomic}
   size_t CompressedClassSpaceSize                 = 260046848                                 {product} {ergonomic}
     uint ConcGCThreads                            = 2                                         {product} {ergonomic}
     uint G1ConcRefinementThreads                  = 8                                         {product} {ergonomic}
   size_t G1HeapRegionSize                         = 1048576                                   {product} {ergonomic}
    uintx GCDrainStackTargetSize                   = 64                                        {product} {ergonomic}
     bool HeapDumpOnOutOfMemoryError               = true                                   {manageable} {command line}
   size_t InitialHeapSize                          = 268435456                                 {product} {command line}
   size_t MarkStackSize                            = 4194304                                   {product} {ergonomic}
   size_t MaxHeapSize                              = 536870912                                 {product} {command line}
   size_t MaxMetaspaceSize                         = 268435456                                 {product} {command line}
   size_t MaxNewSize                               = 321912832                                 {product} {ergonomic}
   size_t MinHeapDeltaBytes                        = 1048576                                   {product} {ergonomic}
    uintx NonNMethodCodeHeapSize                   = 5836300                                {pd product} {ergonomic}
    uintx NonProfiledCodeHeapSize                  = 122910970                              {pd product} {ergonomic}
    uintx ProfiledCodeHeapSize                     = 122910970                              {pd product} {ergonomic}
    uintx ReservedCodeCacheSize                    = 251658240                              {pd product} {ergonomic}
     bool SegmentedCodeCache                       = true                                      {product} {ergonomic}
     bool UseCompressedClassPointers               = true                                 {lp64_product} {ergonomic}
     bool UseCompressedOops                        = true                                 {lp64_product} {ergonomic}
     bool UseG1GC                                  = true                                      {product} {ergonomic}
     bool UseLargePagesIndividualAllocation        = false                                  {pd product} {ergonomic}

Logging:
Log output configuration:
 #0: stdout all=warning uptime,level,tags
 #1: stderr all=off uptime,level,tags

Environment Variables:
PATH=C:\Program Files\Common Files\Oracle\Java\javapath;C:\WINDOWS\system32;C:\WINDOWS;C:\WINDOWS\System32\Wbem;C:\WINDOWS\System32\WindowsPowerShell\v1.0\;C:\WINDOWS\System32\OpenSSH\;C:\Program Files\Git\cmd;C:\Program Files\nodejs\;C:\Program Files\MySQL\MySQL Shell 8.0\bin\;C:\Users\melis\AppData\Local\Programs\Python\Python310\Scripts\;C:\Users\melis\AppData\Local\Programs\Python\Python310\;C:\Windows\system32;C:\Windows;C:\Windows\System32\Wbem;C:\Windows\System32\WindowsPowerShell\v1.0\;C:\Windows\System32\OpenSSH\;C:\Program Files (x86)\Calibre2\;C:\Users\melis\AppData\Local\Microsoft\WindowsApps;C:\Users\melis\AppData\Local\atom\bin;C:\Python34\Scripts;C:\Users\melis\AppData\Local\Microsoft\WindowsApps;C:\Users\melis\AppData\Local\Programs\Microsoft VS Code\bin;C:\Users\melis\AppData\Roaming\npm;C:\Program Files\Java\jdk-11.0.15.1\bin;
USERNAME=melis
OS=Windows_NT
PROCESSOR_IDENTIFIER=AMD64 Family 23 Model 24 Stepping 1, AuthenticAMD



---------------  S Y S T E M  ---------------

OS: Windows 11 , 64 bit Build 22000 (10.0.22000.708)

CPU:total 8 (initial active 8) (8 cores per cpu, 2 threads per core) family 23 model 24 stepping 1 microcode 0x0, cmov, cx8, fxsr, mmx, sse, sse2, sse3, ssse3, sse4.1, sse4.2, popcnt, avx, avx2, aes, clmul, mmxext, 3dnowpref, lzcnt, sse4a, ht, tsc, tscinvbit, tscinv, bmi1, bmi2, adx, s

Memory: 4k page, system-wide physical 3460M (49M free)
TotalPageFile size 14212M (AvailPageFile size 57M)
current process WorkingSet (physical memory assigned to process): 379M, peak: 415M
current process commit charge ("private bytes"): 564M, peak: 620M

vm_info: Java HotSpot(TM) 64-Bit Server VM (11.0.15.1+2-LTS-10) for windows-amd64 JRE (11.0.15.1+2-LTS-10), built on Apr 25 2022 21:51:57 by "mach5one" with MS VC++ 15.9 (VS2017)

END.
