#
# There is insufficient memory for the Java Runtime Environment to continue.
# Native memory allocation (malloc) failed to allocate 254576 bytes for Chunk::new
# Possible reasons:
#   The system is out of physical RAM or swap space
#   The process is running with CompressedOops enabled, and the Java Heap may be blocking the growth of the native heap
# Possible solutions:
#   Reduce memory load on the system
#   Increase physical memory or swap space
#   Check if swap backing store is full
#   Decrease Java heap size (-Xmx/-Xms)
#   Decrease number of Java threads
#   Decrease Java thread stack sizes (-Xss)
#   Set larger code cache with -XX:ReservedCodeCacheSize=
#   JVM is running with Unscaled Compressed Oops mode in which the Java heap is
#     placed in the first 4GB address space. The Java Heap base address is the
#     maximum limit for the native heap growth. Please use -XX:HeapBaseMinAddress
#     to set the Java Heap base and to place the Java Heap above 4GB virtual address.
# This output file may be truncated or incomplete.
#
#  Out of Memory Error (./open/src/hotspot/share/memory/arena.cpp:197), pid=74020, tid=72744
#
# JRE version: Java(TM) SE Runtime Environment 18.9 (11.0.15.1+2) (build 11.0.15.1+2-LTS-10)
# Java VM: Java HotSpot(TM) 64-Bit Server VM 18.9 (11.0.15.1+2-LTS-10, mixed mode, tiered, compressed oops, g1 gc, windows-amd64)
# No core dump will be written. Minidumps are not enabled by default on client versions of Windows
#

---------------  S U M M A R Y ------------

Command Line: --add-opens=java.base/java.util=ALL-UNNAMED --add-opens=java.base/java.lang=ALL-UNNAMED --add-opens=java.base/java.lang.invoke=ALL-UNNAMED --add-opens=java.prefs/java.util.prefs=ALL-UNNAMED -XX:MaxMetaspaceSize=256m -XX:+HeapDumpOnOutOfMemoryError -Xms256m -Xmx512m -Dfile.encoding=windows-1252 -Duser.country=US -Duser.language=en -Duser.variant org.gradle.launcher.daemon.bootstrap.GradleDaemon 6.0.1

Host: AMD Ryzen 5 3500U with Radeon Vega Mobile Gfx  , 8 cores, 3G,  Windows 11 , 64 bit Build 22000 (10.0.22000.708)
Time: Mon Sep 26 19:46:38 2022 Eastern Daylight Time elapsed time: 24.356891 seconds (0d 0h 0m 24s)

---------------  T H R E A D  ---------------

Current thread (0x000001ff673b1800):  JavaThread "C2 CompilerThread0" daemon [_thread_in_native, id=72744, stack(0x0000005f24300000,0x0000005f24400000)]


Current CompileTask:
C2:  24357 6819       4       java.util.regex.Matcher::<init> (95 bytes)

Stack: [0x0000005f24300000,0x0000005f24400000]
Native frames: (J=compiled Java code, j=interpreted, Vv=VM code, C=native code)
V  [jvm.dll+0x629d8a]
V  [jvm.dll+0x7638ff]
V  [jvm.dll+0x764fa9]
V  [jvm.dll+0x765633]
V  [jvm.dll+0x23d9c8]
V  [jvm.dll+0xb2a1c]
V  [jvm.dll+0xb2fdc]
V  [jvm.dll+0x341047]
V  [jvm.dll+0x30e9b3]
V  [jvm.dll+0x30dcfa]
V  [jvm.dll+0x1f8565]
V  [jvm.dll+0x1f774d]
V  [jvm.dll+0x177c51]
V  [jvm.dll+0x207026]
V  [jvm.dll+0x2051bb]
V  [jvm.dll+0x729820]
V  [jvm.dll+0x7223f4]
V  [jvm.dll+0x628c26]
C  [ucrtbase.dll+0x26c0c]
C  [KERNEL32.DLL+0x154e0]
C  [ntdll.dll+0x485b]


---------------  P R O C E S S  ---------------

Threads class SMR info:
_java_thread_list=0x000001ff6bb70840, length=40, elements={
0x000001ff4c2f9000, 0x000001ff66a14800, 0x000001ff66a40000, 0x000001ff66a51800,
0x000001ff66a55000, 0x000001ff673a4000, 0x000001ff673b1800, 0x000001ff66a58000,
0x000001ff66a59000, 0x000001ff67519800, 0x000001ff67515000, 0x000001ff67514800,
0x000001ff67513800, 0x000001ff67516000, 0x000001ff67517800, 0x000001ff6751a000,
0x000001ff67517000, 0x000001ff67518800, 0x000001ff67f25800, 0x000001ff67f1f800,
0x000001ff67f26000, 0x000001ff67f20800, 0x000001ff67f27000, 0x000001ff67f23000,
0x000001ff67f28000, 0x000001ff67f24800, 0x000001ff67f24000, 0x000001ff67f2d800,
0x000001ff67f28800, 0x000001ff67f29800, 0x000001ff67f2c000, 0x000001ff67f2d000,
0x000001ff67f2a800, 0x000001ff67f2b000, 0x000001ff67f2e800, 0x000001ff6bc26800,
0x000001ff6bc29000, 0x000001ff6bc2b000, 0x000001ff6bc2a000, 0x000001ff6bc34000
}

Java Threads: ( => current thread )
  0x000001ff4c2f9000 JavaThread "main" [_thread_blocked, id=72216, stack(0x0000005f23700000,0x0000005f23800000)]
  0x000001ff66a14800 JavaThread "Reference Handler" daemon [_thread_blocked, id=71336, stack(0x0000005f23e00000,0x0000005f23f00000)]
  0x000001ff66a40000 JavaThread "Finalizer" daemon [_thread_blocked, id=55204, stack(0x0000005f23f00000,0x0000005f24000000)]
  0x000001ff66a51800 JavaThread "Signal Dispatcher" daemon [_thread_blocked, id=61288, stack(0x0000005f24000000,0x0000005f24100000)]
  0x000001ff66a55000 JavaThread "Attach Listener" daemon [_thread_blocked, id=73712, stack(0x0000005f24100000,0x0000005f24200000)]
  0x000001ff673a4000 JavaThread "Service Thread" daemon [_thread_blocked, id=71288, stack(0x0000005f24200000,0x0000005f24300000)]
=>0x000001ff673b1800 JavaThread "C2 CompilerThread0" daemon [_thread_in_native, id=72744, stack(0x0000005f24300000,0x0000005f24400000)]
  0x000001ff66a58000 JavaThread "C1 CompilerThread0" daemon [_thread_blocked, id=73964, stack(0x0000005f24400000,0x0000005f24500000)]
  0x000001ff66a59000 JavaThread "Sweeper thread" daemon [_thread_blocked, id=72448, stack(0x0000005f24500000,0x0000005f24600000)]
  0x000001ff67519800 JavaThread "Common-Cleaner" daemon [_thread_blocked, id=32732, stack(0x0000005f24600000,0x0000005f24700000)]
  0x000001ff67515000 JavaThread "Daemon health stats" [_thread_blocked, id=72348, stack(0x0000005f24d00000,0x0000005f24e00000)]
  0x000001ff67514800 JavaThread "Incoming local TCP Connector on port 64076" [_thread_in_native, id=73488, stack(0x0000005f24e00000,0x0000005f24f00000)]
  0x000001ff67513800 JavaThread "Daemon periodic checks" [_thread_blocked, id=72864, stack(0x0000005f24f00000,0x0000005f25000000)]
  0x000001ff67516000 JavaThread "Daemon" [_thread_blocked, id=72820, stack(0x0000005f25000000,0x0000005f25100000)]
  0x000001ff67517800 JavaThread "Handler for socket connection from /127.0.0.1:64076 to /127.0.0.1:64077" [_thread_in_native, id=44448, stack(0x0000005f25100000,0x0000005f25200000)]
  0x000001ff6751a000 JavaThread "Cancel handler" [_thread_blocked, id=69612, stack(0x0000005f25200000,0x0000005f25300000)]
  0x000001ff67517000 JavaThread "Daemon worker" [_thread_in_Java, id=66956, stack(0x0000005f25300000,0x0000005f25400000)]
  0x000001ff67518800 JavaThread "Asynchronous log dispatcher for DefaultDaemonConnection: socket connection from /127.0.0.1:64076 to /127.0.0.1:64077" [_thread_blocked, id=73304, stack(0x0000005f25400000,0x0000005f25500000)]
  0x000001ff67f25800 JavaThread "Stdin handler" [_thread_blocked, id=72264, stack(0x0000005f25500000,0x0000005f25600000)]
  0x000001ff67f1f800 JavaThread "Thread-8" [_thread_blocked, id=46044, stack(0x0000005f25600000,0x0000005f25700000)]
  0x000001ff67f26000 JavaThread "Cache worker for file hash cache (C:\Users\melis\.gradle\caches\6.0.1\fileHashes)" [_thread_blocked, id=72144, stack(0x0000005f25700000,0x0000005f25800000)]
  0x000001ff67f20800 JavaThread "File lock request listener" [_thread_in_native, id=2144, stack(0x0000005f25800000,0x0000005f25900000)]
  0x000001ff67f27000 JavaThread "Cache worker for journal cache (C:\Users\melis\.gradle\caches\journal-1)" [_thread_blocked, id=73640, stack(0x0000005f25900000,0x0000005f25a00000)]
  0x000001ff67f23000 JavaThread "Cache worker for file hash cache (C:\Users\melis\LaunchCode\JavaPractice\java-assignment-4-techjobs-persistent-edition-Momtoast\.gradle\6.0.1\fileHashes)" [_thread_blocked, id=34928, stack(0x0000005f25d00000,0x0000005f25e00000)]
  0x000001ff67f28000 JavaThread "Cache worker for cache directory md-supplier (C:\Users\melis\.gradle\caches\6.0.1\md-supplier)" [_thread_blocked, id=74264, stack(0x0000005f25e00000,0x0000005f25f00000)]
  0x000001ff67f24800 JavaThread "Cache worker for cache directory md-rule (C:\Users\melis\.gradle\caches\6.0.1\md-rule)" [_thread_blocked, id=71048, stack(0x0000005f25f00000,0x0000005f26000000)]
  0x000001ff67f24000 JavaThread "Cache worker for execution history cache (C:\Users\melis\.gradle\caches\6.0.1\executionHistory)" [_thread_blocked, id=61332, stack(0x0000005f26000000,0x0000005f26100000)]
  0x000001ff67f2d800 JavaThread "Build operations" [_thread_blocked, id=70612, stack(0x0000005f26100000,0x0000005f26200000)]
  0x000001ff67f28800 JavaThread "Build operations Thread 2" [_thread_blocked, id=68296, stack(0x0000005f26200000,0x0000005f26300000)]
  0x000001ff67f29800 JavaThread "Build operations Thread 3" [_thread_blocked, id=31164, stack(0x0000005f26300000,0x0000005f26400000)]
  0x000001ff67f2c000 JavaThread "Build operations Thread 4" [_thread_blocked, id=21652, stack(0x0000005f26400000,0x0000005f26500000)]
  0x000001ff67f2d000 JavaThread "Build operations Thread 5" [_thread_blocked, id=41796, stack(0x0000005f26500000,0x0000005f26600000)]
  0x000001ff67f2a800 JavaThread "Build operations Thread 6" [_thread_blocked, id=61256, stack(0x0000005f26600000,0x0000005f26700000)]
  0x000001ff67f2b000 JavaThread "Cache worker for Build Output Cleanup Cache (C:\Users\melis\LaunchCode\JavaPractice\java-assignment-4-techjobs-persistent-edition-Momtoast\.gradle\buildOutputCleanup)" [_thread_blocked, id=44228, stack(0x0000005f26700000,0x0000005f26800000)]
  0x000001ff67f2e800 JavaThread "Build operations Thread 7" [_thread_blocked, id=72636, stack(0x0000005f26800000,0x0000005f26900000)]
  0x000001ff6bc26800 JavaThread "Build operations Thread 8" [_thread_blocked, id=72792, stack(0x0000005f26900000,0x0000005f26a00000)]
  0x000001ff6bc29000 JavaThread "Memory manager" [_thread_blocked, id=38704, stack(0x0000005f26a00000,0x0000005f26b00000)]
  0x000001ff6bc2b000 JavaThread "Cache worker for file content cache (C:\Users\melis\.gradle\caches\6.0.1\fileContent)" [_thread_blocked, id=71348, stack(0x0000005f26b00000,0x0000005f26c00000)]
  0x000001ff6bc2a000 JavaThread "Cache worker for file content cache (C:\Users\melis\LaunchCode\JavaPractice\java-assignment-4-techjobs-persistent-edition-Momtoast\.gradle\6.0.1\fileContent)" [_thread_blocked, id=66412, stack(0x0000005f26c00000,0x0000005f26d00000)]
  0x000001ff6bc34000 JavaThread "Cache worker for execution history cache (C:\Users\melis\LaunchCode\JavaPractice\java-assignment-4-techjobs-persistent-edition-Momtoast\.gradle\6.0.1\executionHistory)" [_thread_blocked, id=73624, stack(0x0000005f27400000,0x0000005f27500000)]

Other Threads:
  0x000001ff66a12000 VMThread "VM Thread" [stack: 0x0000005f23d00000,0x0000005f23e00000] [id=68800]
  0x000001ff67552800 WatcherThread [stack: 0x0000005f24700000,0x0000005f24800000] [id=74096]
  0x000001ff4c30f000 GCTaskThread "GC Thread#0" [stack: 0x0000005f23800000,0x0000005f23900000] [id=73516]
  0x000001ff67e6e800 GCTaskThread "GC Thread#1" [stack: 0x0000005f24800000,0x0000005f24900000] [id=72932]
  0x000001ff67dcd800 GCTaskThread "GC Thread#2" [stack: 0x0000005f24900000,0x0000005f24a00000] [id=72640]
  0x000001ff67dce000 GCTaskThread "GC Thread#3" [stack: 0x0000005f24a00000,0x0000005f24b00000] [id=71868]
  0x000001ff67d83000 GCTaskThread "GC Thread#4" [stack: 0x0000005f24b00000,0x0000005f24c00000] [id=66664]
  0x000001ff67f94800 GCTaskThread "GC Thread#5" [stack: 0x0000005f24c00000,0x0000005f24d00000] [id=71300]
  0x000001ff68134000 GCTaskThread "GC Thread#6" [stack: 0x0000005f25a00000,0x0000005f25b00000] [id=55884]
  0x000001ff69b12000 GCTaskThread "GC Thread#7" [stack: 0x0000005f25b00000,0x0000005f25c00000] [id=72304]
  0x000001ff4c324800 ConcurrentGCThread "G1 Main Marker" [stack: 0x0000005f23900000,0x0000005f23a00000] [id=71888]
  0x000001ff4c325800 ConcurrentGCThread "G1 Conc#0" [stack: 0x0000005f23a00000,0x0000005f23b00000] [id=49480]
  0x000001ff684ba800 ConcurrentGCThread "G1 Conc#1" [stack: 0x0000005f25c00000,0x0000005f25d00000] [id=74364]
  0x000001ff4c3de000 ConcurrentGCThread "G1 Refine#0" [stack: 0x0000005f23b00000,0x0000005f23c00000] [id=73328]
  0x000001ff668ae800 ConcurrentGCThread "G1 Young RemSet Sampling" [stack: 0x0000005f23c00000,0x0000005f23d00000] [id=26444]

Threads with active compile tasks:
C2 CompilerThread0  24473 6819       4       java.util.regex.Matcher::<init> (95 bytes)

VM state:not at safepoint (normal execution)

VM Mutex/Monitor currently owned by a thread: None

OutOfMemory and StackOverflow Exception counts:
OutOfMemoryError java_heap_errors=1
LinkageErrors=69

Heap address: 0x00000000e0000000, size: 512 MB, Compressed Oops mode: 32-bit
Narrow klass base: 0x0000000000000000, Narrow klass shift: 3
Compressed class space size: 260046848 Address: 0x0000000100000000

Heap:
 garbage-first heap   total 262144K, used 145044K [0x00000000e0000000, 0x0000000100000000)
  region size 1024K, 108 young (110592K), 7 survivors (7168K)
 Metaspace       used 50766K, capacity 52088K, committed 52352K, reserved 301056K
  class space    used 6537K, capacity 7017K, committed 7040K, reserved 253952K
Heap Regions: E=young(eden), S=young(survivor), O=old, HS=humongous(starts), HC=humongous(continues), CS=collection set, F=free, A=archive, TAMS=top-at-mark-start (previous, next)
|   0|0x00000000e0000000, 0x00000000e0100000, 0x00000000e0100000|100%| O|  |TAMS 0x00000000e0100000, 0x00000000e0000000| Untracked 
|   1|0x00000000e0100000, 0x00000000e0200000, 0x00000000e0200000|100%| O|  |TAMS 0x00000000e0200000, 0x00000000e0100000| Untracked 
|   2|0x00000000e0200000, 0x00000000e0300000, 0x00000000e0300000|100%| O|  |TAMS 0x00000000e0300000, 0x00000000e0200000| Untracked 
|   3|0x00000000e0300000, 0x00000000e0400000, 0x00000000e0400000|100%|HS|  |TAMS 0x00000000e0400000, 0x00000000e0300000| Complete 
|   4|0x00000000e0400000, 0x00000000e0500000, 0x00000000e0500000|100%|HC|  |TAMS 0x00000000e0500000, 0x00000000e0400000| Complete 
|   5|0x00000000e0500000, 0x00000000e0600000, 0x00000000e0600000|100%|HC|  |TAMS 0x00000000e0600000, 0x00000000e0500000| Complete 
|   6|0x00000000e0600000, 0x00000000e0700000, 0x00000000e0700000|100%| O|  |TAMS 0x00000000e0700000, 0x00000000e0600000| Untracked 
|   7|0x00000000e0700000, 0x00000000e0800000, 0x00000000e0800000|100%| O|  |TAMS 0x00000000e0800000, 0x00000000e0700000| Untracked 
|   8|0x00000000e0800000, 0x00000000e0900000, 0x00000000e0900000|100%| O|  |TAMS 0x00000000e0900000, 0x00000000e0800000| Untracked 
|   9|0x00000000e0900000, 0x00000000e0a00000, 0x00000000e0a00000|100%| O|  |TAMS 0x00000000e0a00000, 0x00000000e0900000| Untracked 
|  10|0x00000000e0a00000, 0x00000000e0b00000, 0x00000000e0b00000|100%| O|  |TAMS 0x00000000e0b00000, 0x00000000e0a00000| Untracked 
|  11|0x00000000e0b00000, 0x00000000e0c00000, 0x00000000e0c00000|100%| O|  |TAMS 0x00000000e0c00000, 0x00000000e0b00000| Untracked 
|  12|0x00000000e0c00000, 0x00000000e0d00000, 0x00000000e0d00000|100%| O|  |TAMS 0x00000000e0d00000, 0x00000000e0c00000| Untracked 
|  13|0x00000000e0d00000, 0x00000000e0e00000, 0x00000000e0e00000|100%| O|  |TAMS 0x00000000e0e00000, 0x00000000e0d00000| Untracked 
|  14|0x00000000e0e00000, 0x00000000e0f00000, 0x00000000e0f00000|100%| O|  |TAMS 0x00000000e0f00000, 0x00000000e0e00000| Untracked 
|  15|0x00000000e0f00000, 0x00000000e1000000, 0x00000000e1000000|100%| O|  |TAMS 0x00000000e0f94200, 0x00000000e0f00000| Untracked 
|  16|0x00000000e1000000, 0x00000000e1100000, 0x00000000e1100000|100%| O|  |TAMS 0x00000000e1000000, 0x00000000e1000000| Untracked 
|  17|0x00000000e1100000, 0x00000000e1200000, 0x00000000e1200000|100%| O|  |TAMS 0x00000000e1100000, 0x00000000e1100000| Untracked 
|  18|0x00000000e1200000, 0x00000000e1300000, 0x00000000e1300000|100%| O|  |TAMS 0x00000000e1200000, 0x00000000e1200000| Untracked 
|  19|0x00000000e1300000, 0x00000000e1400000, 0x00000000e1400000|100%| O|  |TAMS 0x00000000e1300000, 0x00000000e1300000| Untracked 
|  20|0x00000000e1400000, 0x00000000e1500000, 0x00000000e1500000|100%| O|  |TAMS 0x00000000e1400000, 0x00000000e1400000| Untracked 
|  21|0x00000000e1500000, 0x00000000e1600000, 0x00000000e1600000|100%| O|  |TAMS 0x00000000e1500000, 0x00000000e1500000| Untracked 
|  22|0x00000000e1600000, 0x00000000e1700000, 0x00000000e1700000|100%| O|  |TAMS 0x00000000e1600000, 0x00000000e1600000| Untracked 
|  23|0x00000000e1700000, 0x00000000e1800000, 0x00000000e1800000|100%| O|  |TAMS 0x00000000e1700000, 0x00000000e1700000| Untracked 
|  24|0x00000000e1800000, 0x00000000e1900000, 0x00000000e1900000|100%| O|  |TAMS 0x00000000e1800000, 0x00000000e1800000| Untracked 
|  25|0x00000000e1900000, 0x00000000e1a00000, 0x00000000e1a00000|100%| O|  |TAMS 0x00000000e1900000, 0x00000000e1900000| Untracked 
|  26|0x00000000e1a00000, 0x00000000e1b00000, 0x00000000e1b00000|100%| O|  |TAMS 0x00000000e1a00000, 0x00000000e1a00000| Untracked 
|  27|0x00000000e1b00000, 0x00000000e1c00000, 0x00000000e1c00000|100%| O|  |TAMS 0x00000000e1b00000, 0x00000000e1b00000| Untracked 
|  28|0x00000000e1c00000, 0x00000000e1d00000, 0x00000000e1d00000|100%| O|  |TAMS 0x00000000e1c00000, 0x00000000e1c00000| Untracked 
|  29|0x00000000e1d00000, 0x00000000e1e00000, 0x00000000e1e00000|100%| O|  |TAMS 0x00000000e1d00000, 0x00000000e1d00000| Untracked 
|  30|0x00000000e1e00000, 0x00000000e1f00000, 0x00000000e1f00000|100%| O|  |TAMS 0x00000000e1e00000, 0x00000000e1e00000| Untracked 
|  31|0x00000000e1f00000, 0x00000000e2000000, 0x00000000e2000000|100%| O|  |TAMS 0x00000000e1f00000, 0x00000000e1f00000| Untracked 
|  32|0x00000000e2000000, 0x00000000e2100000, 0x00000000e2100000|100%| O|  |TAMS 0x00000000e2000000, 0x00000000e2000000| Untracked 
|  33|0x00000000e2100000, 0x00000000e2200000, 0x00000000e2200000|100%| O|  |TAMS 0x00000000e2100000, 0x00000000e2100000| Untracked 
|  34|0x00000000e2200000, 0x00000000e22e8c00, 0x00000000e2300000| 90%| O|  |TAMS 0x00000000e2200000, 0x00000000e2200000| Untracked 
|  35|0x00000000e2300000, 0x00000000e2400000, 0x00000000e2400000|100%|HS|  |TAMS 0x00000000e2300000, 0x00000000e2300000| Complete 
|  36|0x00000000e2400000, 0x00000000e2400000, 0x00000000e2500000|  0%| F|  |TAMS 0x00000000e2400000, 0x00000000e2400000| Untracked 
|  37|0x00000000e2500000, 0x00000000e2500000, 0x00000000e2600000|  0%| F|  |TAMS 0x00000000e2500000, 0x00000000e2500000| Untracked 
|  38|0x00000000e2600000, 0x00000000e2600000, 0x00000000e2700000|  0%| F|  |TAMS 0x00000000e2600000, 0x00000000e2600000| Untracked 
|  39|0x00000000e2700000, 0x00000000e2700000, 0x00000000e2800000|  0%| F|  |TAMS 0x00000000e2700000, 0x00000000e2700000| Untracked 
|  40|0x00000000e2800000, 0x00000000e2800000, 0x00000000e2900000|  0%| F|  |TAMS 0x00000000e2800000, 0x00000000e2800000| Untracked 
|  41|0x00000000e2900000, 0x00000000e2900000, 0x00000000e2a00000|  0%| F|  |TAMS 0x00000000e2900000, 0x00000000e2900000| Untracked 
|  42|0x00000000e2a00000, 0x00000000e2a00000, 0x00000000e2b00000|  0%| F|  |TAMS 0x00000000e2a00000, 0x00000000e2a00000| Untracked 
|  43|0x00000000e2b00000, 0x00000000e2b00000, 0x00000000e2c00000|  0%| F|  |TAMS 0x00000000e2b00000, 0x00000000e2b00000| Untracked 
|  44|0x00000000e2c00000, 0x00000000e2c00000, 0x00000000e2d00000|  0%| F|  |TAMS 0x00000000e2c00000, 0x00000000e2c00000| Untracked 
|  45|0x00000000e2d00000, 0x00000000e2d00000, 0x00000000e2e00000|  0%| F|  |TAMS 0x00000000e2d00000, 0x00000000e2d00000| Untracked 
|  46|0x00000000e2e00000, 0x00000000e2e00000, 0x00000000e2f00000|  0%| F|  |TAMS 0x00000000e2e00000, 0x00000000e2e00000| Untracked 
|  47|0x00000000e2f00000, 0x00000000e2f00000, 0x00000000e3000000|  0%| F|  |TAMS 0x00000000e2f00000, 0x00000000e2f00000| Untracked 
|  48|0x00000000e3000000, 0x00000000e3000000, 0x00000000e3100000|  0%| F|  |TAMS 0x00000000e3000000, 0x00000000e3000000| Untracked 
|  49|0x00000000e3100000, 0x00000000e3100000, 0x00000000e3200000|  0%| F|  |TAMS 0x00000000e3100000, 0x00000000e3100000| Untracked 
|  50|0x00000000e3200000, 0x00000000e3200000, 0x00000000e3300000|  0%| F|  |TAMS 0x00000000e3200000, 0x00000000e3200000| Untracked 
|  51|0x00000000e3300000, 0x00000000e3300000, 0x00000000e3400000|  0%| F|  |TAMS 0x00000000e3300000, 0x00000000e3300000| Untracked 
|  52|0x00000000e3400000, 0x00000000e3400000, 0x00000000e3500000|  0%| F|  |TAMS 0x00000000e3400000, 0x00000000e3400000| Untracked 
|  53|0x00000000e3500000, 0x00000000e3500000, 0x00000000e3600000|  0%| F|  |TAMS 0x00000000e3500000, 0x00000000e3500000| Untracked 
|  54|0x00000000e3600000, 0x00000000e3600000, 0x00000000e3700000|  0%| F|  |TAMS 0x00000000e3600000, 0x00000000e3600000| Untracked 
|  55|0x00000000e3700000, 0x00000000e3700000, 0x00000000e3800000|  0%| F|  |TAMS 0x00000000e3700000, 0x00000000e3700000| Untracked 
|  56|0x00000000e3800000, 0x00000000e3800000, 0x00000000e3900000|  0%| F|  |TAMS 0x00000000e3800000, 0x00000000e3800000| Untracked 
|  57|0x00000000e3900000, 0x00000000e3900000, 0x00000000e3a00000|  0%| F|  |TAMS 0x00000000e3900000, 0x00000000e3900000| Untracked 
|  58|0x00000000e3a00000, 0x00000000e3a00000, 0x00000000e3b00000|  0%| F|  |TAMS 0x00000000e3a00000, 0x00000000e3a00000| Untracked 
|  59|0x00000000e3b00000, 0x00000000e3b00000, 0x00000000e3c00000|  0%| F|  |TAMS 0x00000000e3b00000, 0x00000000e3b00000| Untracked 
|  60|0x00000000e3c00000, 0x00000000e3c00000, 0x00000000e3d00000|  0%| F|  |TAMS 0x00000000e3c00000, 0x00000000e3c00000| Untracked 
|  61|0x00000000e3d00000, 0x00000000e3d00000, 0x00000000e3e00000|  0%| F|  |TAMS 0x00000000e3d00000, 0x00000000e3d00000| Untracked 
|  62|0x00000000e3e00000, 0x00000000e3e00000, 0x00000000e3f00000|  0%| F|  |TAMS 0x00000000e3e00000, 0x00000000e3e00000| Untracked 
|  63|0x00000000e3f00000, 0x00000000e3f00000, 0x00000000e4000000|  0%| F|  |TAMS 0x00000000e3f00000, 0x00000000e3f00000| Untracked 
|  64|0x00000000e4000000, 0x00000000e4000000, 0x00000000e4100000|  0%| F|  |TAMS 0x00000000e4000000, 0x00000000e4000000| Untracked 
|  65|0x00000000e4100000, 0x00000000e4100000, 0x00000000e4200000|  0%| F|  |TAMS 0x00000000e4100000, 0x00000000e4100000| Untracked 
|  66|0x00000000e4200000, 0x00000000e4200000, 0x00000000e4300000|  0%| F|  |TAMS 0x00000000e4200000, 0x00000000e4200000| Untracked 
|  67|0x00000000e4300000, 0x00000000e4300000, 0x00000000e4400000|  0%| F|  |TAMS 0x00000000e4300000, 0x00000000e4300000| Untracked 
|  68|0x00000000e4400000, 0x00000000e4400000, 0x00000000e4500000|  0%| F|  |TAMS 0x00000000e4400000, 0x00000000e4400000| Untracked 
|  69|0x00000000e4500000, 0x00000000e4500000, 0x00000000e4600000|  0%| F|  |TAMS 0x00000000e4500000, 0x00000000e4500000| Untracked 
|  70|0x00000000e4600000, 0x00000000e4600000, 0x00000000e4700000|  0%| F|  |TAMS 0x00000000e4600000, 0x00000000e4600000| Untracked 
|  71|0x00000000e4700000, 0x00000000e4700000, 0x00000000e4800000|  0%| F|  |TAMS 0x00000000e4700000, 0x00000000e4700000| Untracked 
|  72|0x00000000e4800000, 0x00000000e4800000, 0x00000000e4900000|  0%| F|  |TAMS 0x00000000e4800000, 0x00000000e4800000| Untracked 
|  73|0x00000000e4900000, 0x00000000e4900000, 0x00000000e4a00000|  0%| F|  |TAMS 0x00000000e4900000, 0x00000000e4900000| Untracked 
|  74|0x00000000e4a00000, 0x00000000e4a00000, 0x00000000e4b00000|  0%| F|  |TAMS 0x00000000e4a00000, 0x00000000e4a00000| Untracked 
|  75|0x00000000e4b00000, 0x00000000e4b00000, 0x00000000e4c00000|  0%| F|  |TAMS 0x00000000e4b00000, 0x00000000e4b00000| Untracked 
|  76|0x00000000e4c00000, 0x00000000e4c00000, 0x00000000e4d00000|  0%| F|  |TAMS 0x00000000e4c00000, 0x00000000e4c00000| Untracked 
|  77|0x00000000e4d00000, 0x00000000e4d00000, 0x00000000e4e00000|  0%| F|  |TAMS 0x00000000e4d00000, 0x00000000e4d00000| Untracked 
|  78|0x00000000e4e00000, 0x00000000e4e00000, 0x00000000e4f00000|  0%| F|  |TAMS 0x00000000e4e00000, 0x00000000e4e00000| Untracked 
|  79|0x00000000e4f00000, 0x00000000e4f00000, 0x00000000e5000000|  0%| F|  |TAMS 0x00000000e4f00000, 0x00000000e4f00000| Untracked 
|  80|0x00000000e5000000, 0x00000000e5000000, 0x00000000e5100000|  0%| F|  |TAMS 0x00000000e5000000, 0x00000000e5000000| Untracked 
|  81|0x00000000e5100000, 0x00000000e5100000, 0x00000000e5200000|  0%| F|  |TAMS 0x00000000e5100000, 0x00000000e5100000| Untracked 
|  82|0x00000000e5200000, 0x00000000e5200000, 0x00000000e5300000|  0%| F|  |TAMS 0x00000000e5200000, 0x00000000e5200000| Untracked 
|  83|0x00000000e5300000, 0x00000000e5300000, 0x00000000e5400000|  0%| F|  |TAMS 0x00000000e5300000, 0x00000000e5300000| Untracked 
|  84|0x00000000e5400000, 0x00000000e5400000, 0x00000000e5500000|  0%| F|  |TAMS 0x00000000e5400000, 0x00000000e5400000| Untracked 
|  85|0x00000000e5500000, 0x00000000e5500000, 0x00000000e5600000|  0%| F|  |TAMS 0x00000000e5500000, 0x00000000e5500000| Untracked 
|  86|0x00000000e5600000, 0x00000000e5600000, 0x00000000e5700000|  0%| F|  |TAMS 0x00000000e5600000, 0x00000000e5600000| Untracked 
|  87|0x00000000e5700000, 0x00000000e5700000, 0x00000000e5800000|  0%| F|  |TAMS 0x00000000e5700000, 0x00000000e5700000| Untracked 
|  88|0x00000000e5800000, 0x00000000e5800000, 0x00000000e5900000|  0%| F|  |TAMS 0x00000000e5800000, 0x00000000e5800000| Untracked 
|  89|0x00000000e5900000, 0x00000000e5900000, 0x00000000e5a00000|  0%| F|  |TAMS 0x00000000e5900000, 0x00000000e5900000| Untracked 
|  90|0x00000000e5a00000, 0x00000000e5a00000, 0x00000000e5b00000|  0%| F|  |TAMS 0x00000000e5a00000, 0x00000000e5a00000| Untracked 
|  91|0x00000000e5b00000, 0x00000000e5b00000, 0x00000000e5c00000|  0%| F|  |TAMS 0x00000000e5b00000, 0x00000000e5b00000| Untracked 
|  92|0x00000000e5c00000, 0x00000000e5c00000, 0x00000000e5d00000|  0%| F|  |TAMS 0x00000000e5c00000, 0x00000000e5c00000| Untracked 
|  93|0x00000000e5d00000, 0x00000000e5d00000, 0x00000000e5e00000|  0%| F|  |TAMS 0x00000000e5d00000, 0x00000000e5d00000| Untracked 
|  94|0x00000000e5e00000, 0x00000000e5e00000, 0x00000000e5f00000|  0%| F|  |TAMS 0x00000000e5e00000, 0x00000000e5e00000| Untracked 
|  95|0x00000000e5f00000, 0x00000000e5f00000, 0x00000000e6000000|  0%| F|  |TAMS 0x00000000e5f00000, 0x00000000e5f00000| Untracked 
|  96|0x00000000e6000000, 0x00000000e6000000, 0x00000000e6100000|  0%| F|  |TAMS 0x00000000e6000000, 0x00000000e6000000| Untracked 
|  97|0x00000000e6100000, 0x00000000e6100000, 0x00000000e6200000|  0%| F|  |TAMS 0x00000000e6100000, 0x00000000e6100000| Untracked 
|  98|0x00000000e6200000, 0x00000000e62bc7e0, 0x00000000e6300000| 73%| S|CS|TAMS 0x00000000e6200000, 0x00000000e6200000| Complete 
|  99|0x00000000e6300000, 0x00000000e6400000, 0x00000000e6400000|100%| S|CS|TAMS 0x00000000e6300000, 0x00000000e6300000| Complete 
| 100|0x00000000e6400000, 0x00000000e6500000, 0x00000000e6500000|100%| S|CS|TAMS 0x00000000e6400000, 0x00000000e6400000| Complete 
| 101|0x00000000e6500000, 0x00000000e6500000, 0x00000000e6600000|  0%| F|  |TAMS 0x00000000e6500000, 0x00000000e6500000| Untracked 
| 102|0x00000000e6600000, 0x00000000e6600000, 0x00000000e6700000|  0%| F|  |TAMS 0x00000000e6600000, 0x00000000e6600000| Untracked 
| 103|0x00000000e6700000, 0x00000000e6700000, 0x00000000e6800000|  0%| F|  |TAMS 0x00000000e6700000, 0x00000000e6700000| Untracked 
| 104|0x00000000e6800000, 0x00000000e6800000, 0x00000000e6900000|  0%| F|  |TAMS 0x00000000e6800000, 0x00000000e6800000| Untracked 
| 105|0x00000000e6900000, 0x00000000e6900000, 0x00000000e6a00000|  0%| F|  |TAMS 0x00000000e6900000, 0x00000000e6900000| Untracked 
| 106|0x00000000e6a00000, 0x00000000e6a00000, 0x00000000e6b00000|  0%| F|  |TAMS 0x00000000e6a00000, 0x00000000e6a00000| Untracked 
| 107|0x00000000e6b00000, 0x00000000e6b00000, 0x00000000e6c00000|  0%| F|  |TAMS 0x00000000e6b00000, 0x00000000e6b00000| Untracked 
| 108|0x00000000e6c00000, 0x00000000e6c00000, 0x00000000e6d00000|  0%| F|  |TAMS 0x00000000e6c00000, 0x00000000e6c00000| Untracked 
| 109|0x00000000e6d00000, 0x00000000e6d00000, 0x00000000e6e00000|  0%| F|  |TAMS 0x00000000e6d00000, 0x00000000e6d00000| Untracked 
| 110|0x00000000e6e00000, 0x00000000e6e00000, 0x00000000e6f00000|  0%| F|  |TAMS 0x00000000e6e00000, 0x00000000e6e00000| Untracked 
| 111|0x00000000e6f00000, 0x00000000e6f00000, 0x00000000e7000000|  0%| F|  |TAMS 0x00000000e6f00000, 0x00000000e6f00000| Untracked 
| 112|0x00000000e7000000, 0x00000000e7000000, 0x00000000e7100000|  0%| F|  |TAMS 0x00000000e7000000, 0x00000000e7000000| Untracked 
| 113|0x00000000e7100000, 0x00000000e7100000, 0x00000000e7200000|  0%| F|  |TAMS 0x00000000e7100000, 0x00000000e7100000| Untracked 
| 114|0x00000000e7200000, 0x00000000e7200000, 0x00000000e7300000|  0%| F|  |TAMS 0x00000000e7200000, 0x00000000e7200000| Untracked 
| 115|0x00000000e7300000, 0x00000000e7300000, 0x00000000e7400000|  0%| F|  |TAMS 0x00000000e7300000, 0x00000000e7300000| Untracked 
| 116|0x00000000e7400000, 0x00000000e7400000, 0x00000000e7500000|  0%| F|  |TAMS 0x00000000e7400000, 0x00000000e7400000| Untracked 
| 117|0x00000000e7500000, 0x00000000e7500000, 0x00000000e7600000|  0%| F|  |TAMS 0x00000000e7500000, 0x00000000e7500000| Untracked 
| 118|0x00000000e7600000, 0x00000000e7600000, 0x00000000e7700000|  0%| F|  |TAMS 0x00000000e7600000, 0x00000000e7600000| Untracked 
| 119|0x00000000e7700000, 0x00000000e7800000, 0x00000000e7800000|100%| S|CS|TAMS 0x00000000e7700000, 0x00000000e7700000| Complete 
| 120|0x00000000e7800000, 0x00000000e7900000, 0x00000000e7900000|100%| S|CS|TAMS 0x00000000e7800000, 0x00000000e7800000| Complete 
| 121|0x00000000e7900000, 0x00000000e7a00000, 0x00000000e7a00000|100%| S|CS|TAMS 0x00000000e7900000, 0x00000000e7900000| Complete 
| 122|0x00000000e7a00000, 0x00000000e7b00000, 0x00000000e7b00000|100%| S|CS|TAMS 0x00000000e7a00000, 0x00000000e7a00000| Complete 
| 123|0x00000000e7b00000, 0x00000000e7b00000, 0x00000000e7c00000|  0%| F|  |TAMS 0x00000000e7b00000, 0x00000000e7b00000| Untracked 
| 124|0x00000000e7c00000, 0x00000000e7c00000, 0x00000000e7d00000|  0%| F|  |TAMS 0x00000000e7c00000, 0x00000000e7c00000| Untracked 
| 125|0x00000000e7d00000, 0x00000000e7d00000, 0x00000000e7e00000|  0%| F|  |TAMS 0x00000000e7d00000, 0x00000000e7d00000| Untracked 
| 126|0x00000000e7e00000, 0x00000000e7e00000, 0x00000000e7f00000|  0%| F|  |TAMS 0x00000000e7e00000, 0x00000000e7e00000| Untracked 
| 127|0x00000000e7f00000, 0x00000000e7f00000, 0x00000000e8000000|  0%| F|  |TAMS 0x00000000e7f00000, 0x00000000e7f00000| Untracked 
| 128|0x00000000e8000000, 0x00000000e8000000, 0x00000000e8100000|  0%| F|  |TAMS 0x00000000e8000000, 0x00000000e8000000| Untracked 
| 129|0x00000000e8100000, 0x00000000e8100000, 0x00000000e8200000|  0%| F|  |TAMS 0x00000000e8100000, 0x00000000e8100000| Untracked 
| 130|0x00000000e8200000, 0x00000000e8200000, 0x00000000e8300000|  0%| F|  |TAMS 0x00000000e8200000, 0x00000000e8200000| Untracked 
| 131|0x00000000e8300000, 0x00000000e8300000, 0x00000000e8400000|  0%| F|  |TAMS 0x00000000e8300000, 0x00000000e8300000| Untracked 
| 132|0x00000000e8400000, 0x00000000e8400000, 0x00000000e8500000|  0%| F|  |TAMS 0x00000000e8400000, 0x00000000e8400000| Untracked 
| 133|0x00000000e8500000, 0x00000000e8500000, 0x00000000e8600000|  0%| F|  |TAMS 0x00000000e8500000, 0x00000000e8500000| Untracked 
| 134|0x00000000e8600000, 0x00000000e8600000, 0x00000000e8700000|  0%| F|  |TAMS 0x00000000e8600000, 0x00000000e8600000| Untracked 
| 135|0x00000000e8700000, 0x00000000e8700000, 0x00000000e8800000|  0%| F|  |TAMS 0x00000000e8700000, 0x00000000e8700000| Untracked 
| 136|0x00000000e8800000, 0x00000000e8800000, 0x00000000e8900000|  0%| F|  |TAMS 0x00000000e8800000, 0x00000000e8800000| Untracked 
| 137|0x00000000e8900000, 0x00000000e8900000, 0x00000000e8a00000|  0%| F|  |TAMS 0x00000000e8900000, 0x00000000e8900000| Untracked 
| 138|0x00000000e8a00000, 0x00000000e8a00000, 0x00000000e8b00000|  0%| F|  |TAMS 0x00000000e8a00000, 0x00000000e8a00000| Untracked 
| 139|0x00000000e8b00000, 0x00000000e8b00000, 0x00000000e8c00000|  0%| F|  |TAMS 0x00000000e8b00000, 0x00000000e8b00000| Untracked 
| 140|0x00000000e8c00000, 0x00000000e8c00000, 0x00000000e8d00000|  0%| F|  |TAMS 0x00000000e8c00000, 0x00000000e8c00000| Untracked 
| 141|0x00000000e8d00000, 0x00000000e8d00000, 0x00000000e8e00000|  0%| F|  |TAMS 0x00000000e8d00000, 0x00000000e8d00000| Untracked 
| 142|0x00000000e8e00000, 0x00000000e8e00000, 0x00000000e8f00000|  0%| F|  |TAMS 0x00000000e8e00000, 0x00000000e8e00000| Untracked 
| 143|0x00000000e8f00000, 0x00000000e8f00000, 0x00000000e9000000|  0%| F|  |TAMS 0x00000000e8f00000, 0x00000000e8f00000| Untracked 
| 144|0x00000000e9000000, 0x00000000e9000000, 0x00000000e9100000|  0%| F|  |TAMS 0x00000000e9000000, 0x00000000e9000000| Untracked 
| 145|0x00000000e9100000, 0x00000000e9100000, 0x00000000e9200000|  0%| F|  |TAMS 0x00000000e9100000, 0x00000000e9100000| Untracked 
| 146|0x00000000e9200000, 0x00000000e9200000, 0x00000000e9300000|  0%| F|  |TAMS 0x00000000e9200000, 0x00000000e9200000| Untracked 
| 147|0x00000000e9300000, 0x00000000e9300000, 0x00000000e9400000|  0%| F|  |TAMS 0x00000000e9300000, 0x00000000e9300000| Untracked 
| 148|0x00000000e9400000, 0x00000000e9400000, 0x00000000e9500000|  0%| F|  |TAMS 0x00000000e9400000, 0x00000000e9400000| Untracked 
| 149|0x00000000e9500000, 0x00000000e9500000, 0x00000000e9600000|  0%| F|  |TAMS 0x00000000e9500000, 0x00000000e9500000| Untracked 
| 150|0x00000000e9600000, 0x00000000e9600000, 0x00000000e9700000|  0%| F|  |TAMS 0x00000000e9600000, 0x00000000e9600000| Untracked 
| 151|0x00000000e9700000, 0x00000000e9700000, 0x00000000e9800000|  0%| F|  |TAMS 0x00000000e9700000, 0x00000000e9700000| Untracked 
| 152|0x00000000e9800000, 0x00000000e9800000, 0x00000000e9900000|  0%| F|  |TAMS 0x00000000e9800000, 0x00000000e9800000| Untracked 
| 153|0x00000000e9900000, 0x00000000e9900000, 0x00000000e9a00000|  0%| F|  |TAMS 0x00000000e9900000, 0x00000000e9900000| Untracked 
| 154|0x00000000e9a00000, 0x00000000e9a00000, 0x00000000e9b00000|  0%| F|  |TAMS 0x00000000e9a00000, 0x00000000e9a00000| Untracked 
| 155|0x00000000e9b00000, 0x00000000e9be7dc8, 0x00000000e9c00000| 90%| E|  |TAMS 0x00000000e9b00000, 0x00000000e9b00000| Complete 
| 156|0x00000000e9c00000, 0x00000000e9d00000, 0x00000000e9d00000|100%| E|CS|TAMS 0x00000000e9c00000, 0x00000000e9c00000| Complete 
| 157|0x00000000e9d00000, 0x00000000e9e00000, 0x00000000e9e00000|100%| E|CS|TAMS 0x00000000e9d00000, 0x00000000e9d00000| Complete 
| 158|0x00000000e9e00000, 0x00000000e9f00000, 0x00000000e9f00000|100%| E|CS|TAMS 0x00000000e9e00000, 0x00000000e9e00000| Complete 
| 159|0x00000000e9f00000, 0x00000000ea000000, 0x00000000ea000000|100%| E|CS|TAMS 0x00000000e9f00000, 0x00000000e9f00000| Complete 
| 160|0x00000000ea000000, 0x00000000ea100000, 0x00000000ea100000|100%| E|CS|TAMS 0x00000000ea000000, 0x00000000ea000000| Complete 
| 161|0x00000000ea100000, 0x00000000ea200000, 0x00000000ea200000|100%| E|CS|TAMS 0x00000000ea100000, 0x00000000ea100000| Complete 
| 162|0x00000000ea200000, 0x00000000ea300000, 0x00000000ea300000|100%| E|CS|TAMS 0x00000000ea200000, 0x00000000ea200000| Complete 
| 163|0x00000000ea300000, 0x00000000ea400000, 0x00000000ea400000|100%| E|CS|TAMS 0x00000000ea300000, 0x00000000ea300000| Complete 
| 164|0x00000000ea400000, 0x00000000ea500000, 0x00000000ea500000|100%| E|CS|TAMS 0x00000000ea400000, 0x00000000ea400000| Complete 
| 165|0x00000000ea500000, 0x00000000ea600000, 0x00000000ea600000|100%| E|CS|TAMS 0x00000000ea500000, 0x00000000ea500000| Complete 
| 166|0x00000000ea600000, 0x00000000ea700000, 0x00000000ea700000|100%| E|CS|TAMS 0x00000000ea600000, 0x00000000ea600000| Complete 
| 167|0x00000000ea700000, 0x00000000ea800000, 0x00000000ea800000|100%| E|CS|TAMS 0x00000000ea700000, 0x00000000ea700000| Complete 
| 168|0x00000000ea800000, 0x00000000ea900000, 0x00000000ea900000|100%| E|CS|TAMS 0x00000000ea800000, 0x00000000ea800000| Complete 
| 169|0x00000000ea900000, 0x00000000eaa00000, 0x00000000eaa00000|100%| E|CS|TAMS 0x00000000ea900000, 0x00000000ea900000| Complete 
| 170|0x00000000eaa00000, 0x00000000eab00000, 0x00000000eab00000|100%| E|CS|TAMS 0x00000000eaa00000, 0x00000000eaa00000| Complete 
| 171|0x00000000eab00000, 0x00000000eac00000, 0x00000000eac00000|100%| E|CS|TAMS 0x00000000eab00000, 0x00000000eab00000| Complete 
| 172|0x00000000eac00000, 0x00000000ead00000, 0x00000000ead00000|100%| E|CS|TAMS 0x00000000eac00000, 0x00000000eac00000| Complete 
| 173|0x00000000ead00000, 0x00000000eae00000, 0x00000000eae00000|100%| E|CS|TAMS 0x00000000ead00000, 0x00000000ead00000| Complete 
| 174|0x00000000eae00000, 0x00000000eaf00000, 0x00000000eaf00000|100%| E|CS|TAMS 0x00000000eae00000, 0x00000000eae00000| Complete 
| 175|0x00000000eaf00000, 0x00000000eb000000, 0x00000000eb000000|100%| E|CS|TAMS 0x00000000eaf00000, 0x00000000eaf00000| Complete 
| 176|0x00000000eb000000, 0x00000000eb100000, 0x00000000eb100000|100%| E|CS|TAMS 0x00000000eb000000, 0x00000000eb000000| Complete 
| 177|0x00000000eb100000, 0x00000000eb200000, 0x00000000eb200000|100%| E|CS|TAMS 0x00000000eb100000, 0x00000000eb100000| Complete 
| 178|0x00000000eb200000, 0x00000000eb300000, 0x00000000eb300000|100%| E|CS|TAMS 0x00000000eb200000, 0x00000000eb200000| Complete 
| 179|0x00000000eb300000, 0x00000000eb400000, 0x00000000eb400000|100%| E|CS|TAMS 0x00000000eb300000, 0x00000000eb300000| Complete 
| 180|0x00000000eb400000, 0x00000000eb500000, 0x00000000eb500000|100%| E|CS|TAMS 0x00000000eb400000, 0x00000000eb400000| Complete 
| 181|0x00000000eb500000, 0x00000000eb600000, 0x00000000eb600000|100%| E|CS|TAMS 0x00000000eb500000, 0x00000000eb500000| Complete 
| 182|0x00000000eb600000, 0x00000000eb700000, 0x00000000eb700000|100%| E|CS|TAMS 0x00000000eb600000, 0x00000000eb600000| Complete 
| 183|0x00000000eb700000, 0x00000000eb800000, 0x00000000eb800000|100%| E|CS|TAMS 0x00000000eb700000, 0x00000000eb700000| Complete 
| 184|0x00000000eb800000, 0x00000000eb900000, 0x00000000eb900000|100%| E|CS|TAMS 0x00000000eb800000, 0x00000000eb800000| Complete 
| 185|0x00000000eb900000, 0x00000000eba00000, 0x00000000eba00000|100%| E|CS|TAMS 0x00000000eb900000, 0x00000000eb900000| Complete 
| 186|0x00000000eba00000, 0x00000000ebb00000, 0x00000000ebb00000|100%| E|CS|TAMS 0x00000000eba00000, 0x00000000eba00000| Complete 
| 187|0x00000000ebb00000, 0x00000000ebc00000, 0x00000000ebc00000|100%| E|CS|TAMS 0x00000000ebb00000, 0x00000000ebb00000| Complete 
| 188|0x00000000ebc00000, 0x00000000ebd00000, 0x00000000ebd00000|100%| E|CS|TAMS 0x00000000ebc00000, 0x00000000ebc00000| Complete 
| 189|0x00000000ebd00000, 0x00000000ebe00000, 0x00000000ebe00000|100%| E|CS|TAMS 0x00000000ebd00000, 0x00000000ebd00000| Complete 
| 190|0x00000000ebe00000, 0x00000000ebf00000, 0x00000000ebf00000|100%| E|CS|TAMS 0x00000000ebe00000, 0x00000000ebe00000| Complete 
| 191|0x00000000ebf00000, 0x00000000ec000000, 0x00000000ec000000|100%| E|CS|TAMS 0x00000000ebf00000, 0x00000000ebf00000| Complete 
| 192|0x00000000ec000000, 0x00000000ec100000, 0x00000000ec100000|100%| E|CS|TAMS 0x00000000ec000000, 0x00000000ec000000| Complete 
| 193|0x00000000ec100000, 0x00000000ec200000, 0x00000000ec200000|100%| E|CS|TAMS 0x00000000ec100000, 0x00000000ec100000| Complete 
| 194|0x00000000ec200000, 0x00000000ec300000, 0x00000000ec300000|100%| E|CS|TAMS 0x00000000ec200000, 0x00000000ec200000| Complete 
| 195|0x00000000ec300000, 0x00000000ec400000, 0x00000000ec400000|100%| E|CS|TAMS 0x00000000ec300000, 0x00000000ec300000| Complete 
| 196|0x00000000ec400000, 0x00000000ec500000, 0x00000000ec500000|100%| E|CS|TAMS 0x00000000ec400000, 0x00000000ec400000| Complete 
| 197|0x00000000ec500000, 0x00000000ec600000, 0x00000000ec600000|100%| E|CS|TAMS 0x00000000ec500000, 0x00000000ec500000| Complete 
| 198|0x00000000ec600000, 0x00000000ec700000, 0x00000000ec700000|100%| E|CS|TAMS 0x00000000ec600000, 0x00000000ec600000| Complete 
| 199|0x00000000ec700000, 0x00000000ec800000, 0x00000000ec800000|100%| E|CS|TAMS 0x00000000ec700000, 0x00000000ec700000| Complete 
| 200|0x00000000ec800000, 0x00000000ec900000, 0x00000000ec900000|100%| E|CS|TAMS 0x00000000ec800000, 0x00000000ec800000| Complete 
| 201|0x00000000ec900000, 0x00000000eca00000, 0x00000000eca00000|100%| E|CS|TAMS 0x00000000ec900000, 0x00000000ec900000| Complete 
| 202|0x00000000eca00000, 0x00000000ecb00000, 0x00000000ecb00000|100%| E|CS|TAMS 0x00000000eca00000, 0x00000000eca00000| Complete 
| 203|0x00000000ecb00000, 0x00000000ecc00000, 0x00000000ecc00000|100%| E|CS|TAMS 0x00000000ecb00000, 0x00000000ecb00000| Complete 
| 204|0x00000000ecc00000, 0x00000000ecd00000, 0x00000000ecd00000|100%| E|CS|TAMS 0x00000000ecc00000, 0x00000000ecc00000| Complete 
| 205|0x00000000ecd00000, 0x00000000ece00000, 0x00000000ece00000|100%| E|CS|TAMS 0x00000000ecd00000, 0x00000000ecd00000| Complete 
| 206|0x00000000ece00000, 0x00000000ecf00000, 0x00000000ecf00000|100%| E|CS|TAMS 0x00000000ece00000, 0x00000000ece00000| Complete 
| 207|0x00000000ecf00000, 0x00000000ed000000, 0x00000000ed000000|100%| E|CS|TAMS 0x00000000ecf00000, 0x00000000ecf00000| Complete 
| 208|0x00000000ed000000, 0x00000000ed100000, 0x00000000ed100000|100%| E|CS|TAMS 0x00000000ed000000, 0x00000000ed000000| Complete 
| 209|0x00000000ed100000, 0x00000000ed200000, 0x00000000ed200000|100%| E|CS|TAMS 0x00000000ed100000, 0x00000000ed100000| Complete 
| 210|0x00000000ed200000, 0x00000000ed300000, 0x00000000ed300000|100%| E|CS|TAMS 0x00000000ed200000, 0x00000000ed200000| Complete 
| 211|0x00000000ed300000, 0x00000000ed400000, 0x00000000ed400000|100%| E|CS|TAMS 0x00000000ed300000, 0x00000000ed300000| Complete 
| 212|0x00000000ed400000, 0x00000000ed500000, 0x00000000ed500000|100%| E|CS|TAMS 0x00000000ed400000, 0x00000000ed400000| Complete 
| 213|0x00000000ed500000, 0x00000000ed600000, 0x00000000ed600000|100%| E|CS|TAMS 0x00000000ed500000, 0x00000000ed500000| Complete 
| 214|0x00000000ed600000, 0x00000000ed700000, 0x00000000ed700000|100%| E|CS|TAMS 0x00000000ed600000, 0x00000000ed600000| Complete 
| 215|0x00000000ed700000, 0x00000000ed800000, 0x00000000ed800000|100%| E|CS|TAMS 0x00000000ed700000, 0x00000000ed700000| Complete 
| 216|0x00000000ed800000, 0x00000000ed900000, 0x00000000ed900000|100%| E|CS|TAMS 0x00000000ed800000, 0x00000000ed800000| Complete 
| 217|0x00000000ed900000, 0x00000000eda00000, 0x00000000eda00000|100%| E|CS|TAMS 0x00000000ed900000, 0x00000000ed900000| Complete 
| 218|0x00000000eda00000, 0x00000000edb00000, 0x00000000edb00000|100%| E|CS|TAMS 0x00000000eda00000, 0x00000000eda00000| Complete 
| 219|0x00000000edb00000, 0x00000000edc00000, 0x00000000edc00000|100%| E|CS|TAMS 0x00000000edb00000, 0x00000000edb00000| Complete 
| 220|0x00000000edc00000, 0x00000000edd00000, 0x00000000edd00000|100%| E|CS|TAMS 0x00000000edc00000, 0x00000000edc00000| Complete 
| 221|0x00000000edd00000, 0x00000000ede00000, 0x00000000ede00000|100%| E|CS|TAMS 0x00000000edd00000, 0x00000000edd00000| Complete 
| 222|0x00000000ede00000, 0x00000000edf00000, 0x00000000edf00000|100%| E|CS|TAMS 0x00000000ede00000, 0x00000000ede00000| Complete 
| 223|0x00000000edf00000, 0x00000000ee000000, 0x00000000ee000000|100%| E|CS|TAMS 0x00000000edf00000, 0x00000000edf00000| Complete 
| 224|0x00000000ee000000, 0x00000000ee100000, 0x00000000ee100000|100%| E|CS|TAMS 0x00000000ee000000, 0x00000000ee000000| Complete 
| 225|0x00000000ee100000, 0x00000000ee200000, 0x00000000ee200000|100%| E|CS|TAMS 0x00000000ee100000, 0x00000000ee100000| Complete 
| 226|0x00000000ee200000, 0x00000000ee300000, 0x00000000ee300000|100%| E|CS|TAMS 0x00000000ee200000, 0x00000000ee200000| Complete 
| 227|0x00000000ee300000, 0x00000000ee400000, 0x00000000ee400000|100%| E|  |TAMS 0x00000000ee300000, 0x00000000ee300000| Complete 
| 228|0x00000000ee400000, 0x00000000ee500000, 0x00000000ee500000|100%| E|CS|TAMS 0x00000000ee400000, 0x00000000ee400000| Complete 
| 229|0x00000000ee500000, 0x00000000ee600000, 0x00000000ee600000|100%| E|CS|TAMS 0x00000000ee500000, 0x00000000ee500000| Complete 
| 230|0x00000000ee600000, 0x00000000ee700000, 0x00000000ee700000|100%| E|CS|TAMS 0x00000000ee600000, 0x00000000ee600000| Complete 
| 231|0x00000000ee700000, 0x00000000ee800000, 0x00000000ee800000|100%| E|CS|TAMS 0x00000000ee700000, 0x00000000ee700000| Complete 
| 232|0x00000000ee800000, 0x00000000ee900000, 0x00000000ee900000|100%| E|CS|TAMS 0x00000000ee800000, 0x00000000ee800000| Complete 
| 233|0x00000000ee900000, 0x00000000eea00000, 0x00000000eea00000|100%| E|CS|TAMS 0x00000000ee900000, 0x00000000ee900000| Complete 
| 234|0x00000000eea00000, 0x00000000eeb00000, 0x00000000eeb00000|100%| E|CS|TAMS 0x00000000eea00000, 0x00000000eea00000| Complete 
| 235|0x00000000eeb00000, 0x00000000eec00000, 0x00000000eec00000|100%| E|CS|TAMS 0x00000000eeb00000, 0x00000000eeb00000| Complete 
| 236|0x00000000eec00000, 0x00000000eed00000, 0x00000000eed00000|100%| E|CS|TAMS 0x00000000eec00000, 0x00000000eec00000| Complete 
| 237|0x00000000eed00000, 0x00000000eee00000, 0x00000000eee00000|100%| E|CS|TAMS 0x00000000eed00000, 0x00000000eed00000| Complete 
| 238|0x00000000eee00000, 0x00000000eef00000, 0x00000000eef00000|100%| E|CS|TAMS 0x00000000eee00000, 0x00000000eee00000| Complete 
| 239|0x00000000eef00000, 0x00000000ef000000, 0x00000000ef000000|100%| E|CS|TAMS 0x00000000eef00000, 0x00000000eef00000| Complete 
| 240|0x00000000ef000000, 0x00000000ef100000, 0x00000000ef100000|100%| E|CS|TAMS 0x00000000ef000000, 0x00000000ef000000| Complete 
| 241|0x00000000ef100000, 0x00000000ef200000, 0x00000000ef200000|100%| E|CS|TAMS 0x00000000ef100000, 0x00000000ef100000| Complete 
| 242|0x00000000ef200000, 0x00000000ef300000, 0x00000000ef300000|100%| E|CS|TAMS 0x00000000ef200000, 0x00000000ef200000| Complete 
| 243|0x00000000ef300000, 0x00000000ef400000, 0x00000000ef400000|100%| E|CS|TAMS 0x00000000ef300000, 0x00000000ef300000| Complete 
| 244|0x00000000ef400000, 0x00000000ef500000, 0x00000000ef500000|100%| E|CS|TAMS 0x00000000ef400000, 0x00000000ef400000| Complete 
| 245|0x00000000ef500000, 0x00000000ef600000, 0x00000000ef600000|100%| E|CS|TAMS 0x00000000ef500000, 0x00000000ef500000| Complete 
| 246|0x00000000ef600000, 0x00000000ef700000, 0x00000000ef700000|100%| E|CS|TAMS 0x00000000ef600000, 0x00000000ef600000| Complete 
| 247|0x00000000ef700000, 0x00000000ef800000, 0x00000000ef800000|100%| E|CS|TAMS 0x00000000ef700000, 0x00000000ef700000| Complete 
| 248|0x00000000ef800000, 0x00000000ef900000, 0x00000000ef900000|100%| E|CS|TAMS 0x00000000ef800000, 0x00000000ef800000| Complete 
| 249|0x00000000ef900000, 0x00000000efa00000, 0x00000000efa00000|100%| E|CS|TAMS 0x00000000ef900000, 0x00000000ef900000| Complete 
| 250|0x00000000efa00000, 0x00000000efb00000, 0x00000000efb00000|100%| E|CS|TAMS 0x00000000efa00000, 0x00000000efa00000| Complete 
| 251|0x00000000efb00000, 0x00000000efc00000, 0x00000000efc00000|100%| E|CS|TAMS 0x00000000efb00000, 0x00000000efb00000| Complete 
| 252|0x00000000efc00000, 0x00000000efd00000, 0x00000000efd00000|100%| E|CS|TAMS 0x00000000efc00000, 0x00000000efc00000| Complete 
| 253|0x00000000efd00000, 0x00000000efe00000, 0x00000000efe00000|100%| E|CS|TAMS 0x00000000efd00000, 0x00000000efd00000| Complete 
| 254|0x00000000efe00000, 0x00000000eff00000, 0x00000000eff00000|100%| E|CS|TAMS 0x00000000efe00000, 0x00000000efe00000| Complete 
| 255|0x00000000eff00000, 0x00000000f0000000, 0x00000000f0000000|100%| E|CS|TAMS 0x00000000eff00000, 0x00000000eff00000| Complete 

Card table byte_map: [0x000001ff62de0000,0x000001ff62ee0000] _byte_map_base: 0x000001ff626e0000

Marking Bits (Prev, Next): (CMBitMap*) 0x000001ff4c321e28, (CMBitMap*) 0x000001ff4c321e60
 Prev Bits: [0x000001ff62fe0000, 0x000001ff637e0000)
 Next Bits: [0x000001ff637e0000, 0x000001ff63fe0000)

Polling page: 0x000001ff4bae0000

Metaspace:

Usage:
  Non-class:     44.08 MB capacity,    43.23 MB ( 98%) used,   759.24 KB (  2%) free+waste,   106.31 KB ( <1%) overhead. 
      Class:      6.85 MB capacity,     6.39 MB ( 93%) used,   425.63 KB (  6%) free+waste,    50.44 KB ( <1%) overhead. 
       Both:     50.93 MB capacity,    49.62 MB ( 97%) used,     1.16 MB (  2%) free+waste,   156.75 KB ( <1%) overhead. 

Virtual space:
  Non-class space:       46.00 MB reserved,      44.25 MB ( 96%) committed 
      Class space:      248.00 MB reserved,       6.88 MB (  3%) committed 
             Both:      294.00 MB reserved,      51.13 MB ( 17%) committed 

Chunk freelists:
   Non-Class:  6.13 KB
       Class:  2.88 KB
        Both:  9.00 KB

CodeHeap 'non-profiled nmethods': size=120000Kb used=3377Kb max_used=3377Kb free=116622Kb
 bounds [0x000001ff5b480000, 0x000001ff5b7d0000, 0x000001ff629b0000]
CodeHeap 'profiled nmethods': size=120000Kb used=14328Kb max_used=14328Kb free=105672Kb
 bounds [0x000001ff53f50000, 0x000001ff54d50000, 0x000001ff5b480000]
CodeHeap 'non-nmethods': size=5760Kb used=2212Kb max_used=2261Kb free=3547Kb
 bounds [0x000001ff539b0000, 0x000001ff53c20000, 0x000001ff53f50000]
 total_blobs=7599 nmethods=6822 adapters=688
 compilation: enabled
              stopped_count=0, restarted_count=0
 full_count=0

Compilation events (10 events):
Event: 24.274 Thread 0x000001ff66a58000 nmethod 6948 0x000001ff54d1d010 code [0x000001ff54d1d1c0, 0x000001ff54d1d5f8]
Event: 24.274 Thread 0x000001ff66a58000 6951       2       org.objectweb.asm.ClassWriter::visitEnd (1 bytes)
Event: 24.274 Thread 0x000001ff66a58000 nmethod 6951 0x000001ff54d1d710 code [0x000001ff54d1d8a0, 0x000001ff54d1d998]
Event: 24.278 Thread 0x000001ff66a58000 6958       3       org.objectweb.asm.ClassReader::readCode (5089 bytes)
Event: 24.307 Thread 0x000001ff673b1800 nmethod 6810 0x000001ff5b7c9d10 code [0x000001ff5b7c9f00, 0x000001ff5b7cabf8]
Event: 24.307 Thread 0x000001ff673b1800 6819       4       java.util.regex.Matcher::<init> (95 bytes)
Event: 24.328 Thread 0x000001ff66a58000 nmethod 6958 0x000001ff54d1da10 code [0x000001ff54d1eea0, 0x000001ff54d32288]
Event: 24.328 Thread 0x000001ff66a58000 6972 %     3       org.objectweb.asm.ClassWriter::toByteArray @ 51 (1281 bytes)
Event: 24.337 Thread 0x000001ff66a58000 nmethod 6972% 0x000001ff54d3b790 code [0x000001ff54d3bf80, 0x000001ff54d3f6c8]
Event: 24.337 Thread 0x000001ff66a58000 6968       2       com.google.common.io.ByteStreams::read (70 bytes)

GC Heap History (10 events):
Event: 9.130 GC heap before
{Heap before GC invocations=3 (full 0):
 garbage-first heap   total 262144K, used 54051K [0x00000000e0000000, 0x0000000100000000)
  region size 1024K, 49 young (50176K), 11 survivors (11264K)
 Metaspace       used 28854K, capacity 29395K, committed 29568K, reserved 280576K
  class space    used 3661K, capacity 3878K, committed 3968K, reserved 253952K
}
Event: 9.144 GC heap after
{Heap after GC invocations=4 (full 0):
 garbage-first heap   total 262144K, used 19139K [0x00000000e0000000, 0x0000000100000000)
  region size 1024K, 4 young (4096K), 4 survivors (4096K)
 Metaspace       used 28854K, capacity 29395K, committed 29568K, reserved 280576K
  class space    used 3661K, capacity 3878K, committed 3968K, reserved 253952K
}
Event: 10.654 GC heap before
{Heap before GC invocations=4 (full 0):
 garbage-first heap   total 262144K, used 69315K [0x00000000e0000000, 0x0000000100000000)
  region size 1024K, 52 young (53248K), 4 survivors (4096K)
 Metaspace       used 35030K, capacity 35713K, committed 35840K, reserved 286720K
  class space    used 4382K, capacity 4614K, committed 4736K, reserved 253952K
}
Event: 10.668 GC heap after
{Heap after GC invocations=5 (full 0):
 garbage-first heap   total 262144K, used 22577K [0x00000000e0000000, 0x0000000100000000)
  region size 1024K, 7 young (7168K), 7 survivors (7168K)
 Metaspace       used 35030K, capacity 35713K, committed 35840K, reserved 286720K
  class space    used 4382K, capacity 4614K, committed 4736K, reserved 253952K
}
Event: 13.409 GC heap before
{Heap before GC invocations=6 (full 0):
 garbage-first heap   total 262144K, used 117809K [0x00000000e0000000, 0x0000000100000000)
  region size 1024K, 100 young (102400K), 7 survivors (7168K)
 Metaspace       used 42958K, capacity 43845K, committed 43904K, reserved 292864K
  class space    used 5655K, capacity 5978K, committed 6016K, reserved 253952K
}
Event: 13.423 GC heap after
{Heap after GC invocations=7 (full 0):
 garbage-first heap   total 262144K, used 26192K [0x00000000e0000000, 0x0000000100000000)
  region size 1024K, 10 young (10240K), 10 survivors (10240K)
 Metaspace       used 42958K, capacity 43845K, committed 43904K, reserved 292864K
  class space    used 5655K, capacity 5978K, committed 6016K, reserved 253952K
}
Event: 17.063 GC heap before
{Heap before GC invocations=7 (full 0):
 garbage-first heap   total 262144K, used 156240K [0x00000000e0000000, 0x0000000100000000)
  region size 1024K, 137 young (140288K), 10 survivors (10240K)
 Metaspace       used 46559K, capacity 47539K, committed 47616K, reserved 296960K
  class space    used 6033K, capacity 6391K, committed 6400K, reserved 253952K
}
Event: 17.105 GC heap after
{Heap after GC invocations=8 (full 0):
 garbage-first heap   total 262144K, used 36819K [0x00000000e0000000, 0x0000000100000000)
  region size 1024K, 18 young (18432K), 18 survivors (18432K)
 Metaspace       used 46559K, capacity 47539K, committed 47616K, reserved 296960K
  class space    used 6033K, capacity 6391K, committed 6400K, reserved 253952K
}
Event: 20.512 GC heap before
{Heap before GC invocations=8 (full 0):
 garbage-first heap   total 262144K, used 173011K [0x00000000e0000000, 0x0000000100000000)
  region size 1024K, 151 young (154624K), 18 survivors (18432K)
 Metaspace       used 47115K, capacity 48149K, committed 48384K, reserved 296960K
  class space    used 6040K, capacity 6400K, committed 6400K, reserved 253952K
}
Event: 20.644 GC heap after
{Heap after GC invocations=9 (full 0):
 garbage-first heap   total 262144K, used 42644K [0x00000000e0000000, 0x0000000100000000)
  region size 1024K, 7 young (7168K), 7 survivors (7168K)
 Metaspace       used 47115K, capacity 48149K, committed 48384K, reserved 296960K
  class space    used 6040K, capacity 6400K, committed 6400K, reserved 253952K
}

Deoptimization events (10 events):
Event: 21.336 Thread 0x000001ff67f2c000 Uncommon trap: reason=bimorphic_or_optimized_type_check action=maybe_recompile pc=0x000001ff5b690510 method=java.util.concurrent.ConcurrentHashMap.putVal(Ljava/lang/Object;Ljava/lang/Object;Z)Ljava/lang/Object; @ 242 c2
Event: 21.336 Thread 0x000001ff67f28800 Uncommon trap: reason=bimorphic_or_optimized_type_check action=maybe_recompile pc=0x000001ff5b690510 method=java.util.concurrent.ConcurrentHashMap.putVal(Ljava/lang/Object;Ljava/lang/Object;Z)Ljava/lang/Object; @ 242 c2
Event: 21.340 Thread 0x000001ff67f28800 Uncommon trap: reason=bimorphic_or_optimized_type_check action=maybe_recompile pc=0x000001ff5b690510 method=java.util.concurrent.ConcurrentHashMap.putVal(Ljava/lang/Object;Ljava/lang/Object;Z)Ljava/lang/Object; @ 242 c2
Event: 21.511 Thread 0x000001ff67517000 Uncommon trap: reason=unstable_if action=reinterpret pc=0x000001ff5b616a94 method=java.lang.ClassLoader.loadClass(Ljava/lang/String;Z)Ljava/lang/Class; @ 29 c2
Event: 21.579 Thread 0x000001ff67517000 Uncommon trap: reason=unstable_if action=reinterpret pc=0x000001ff5b77566c method=java.util.regex.Pattern.range(Ljava/util/regex/Pattern$BitClass;)Ljava/util/regex/Pattern$CharPredicate; @ 19 c2
Event: 23.592 Thread 0x000001ff67517000 Uncommon trap: reason=class_check action=maybe_recompile pc=0x000001ff5b6d33c0 method=com.google.common.collect.ImmutableList.hashCode()I @ 23 c2
Event: 23.602 Thread 0x000001ff67517000 Uncommon trap: reason=class_check action=maybe_recompile pc=0x000001ff5b6d33c0 method=com.google.common.collect.ImmutableList.hashCode()I @ 23 c2
Event: 23.603 Thread 0x000001ff67517000 Uncommon trap: reason=class_check action=maybe_recompile pc=0x000001ff5b6d33c0 method=com.google.common.collect.ImmutableList.hashCode()I @ 23 c2
Event: 23.619 Thread 0x000001ff67517000 Uncommon trap: reason=unstable_if action=reinterpret pc=0x000001ff5b6dee90 method=java.lang.String.equalsIgnoreCase(Ljava/lang/String;)Z @ 36 c2
Event: 23.796 Thread 0x000001ff67517000 Uncommon trap: reason=unstable_if action=reinterpret pc=0x000001ff5b77711c method=java.util.HashMap$HashIterator.<init>(Ljava/util/HashMap;)V @ 45 c2

Classes redefined (0 events):
No events

Internal exceptions (10 events):
Event: 23.372 Thread 0x000001ff67517000 Exception <a 'java/lang/ClassNotFoundException'{0x00000000ec506788}: [Ljava/lang/String;Customizer> (0x00000000ec506788) thrown at [./open/src/hotspot/share/prims/jni.cpp, line 632]
Event: 23.372 Thread 0x000001ff67517000 Exception <a 'java/lang/ClassNotFoundException'{0x00000000ec507a90}: [Ljava/lang/String;Customizer> (0x00000000ec507a90) thrown at [./open/src/hotspot/share/prims/jni.cpp, line 632]
Event: 23.400 Thread 0x000001ff67517000 Exception <a 'java/lang/NoSuchMethodError'{0x00000000ec5499a0}: java.lang.invoke.DirectMethodHandle$Holder.invokeSpecial(Ljava/lang/Object;Ljava/lang/Object;Ljava/lang/Object;Ljava/lang/Object;Ljava/lang/Object;Ljava/lang/Object;Ljava/lang/Object;Ljava/la
Event: 23.400 Thread 0x000001ff67517000 Exception <a 'java/lang/NoSuchMethodError'{0x00000000ec54e0e8}: java.lang.invoke.Invokers$Holder.linkToTargetMethod(Ljava/lang/Object;Ljava/lang/Object;Ljava/lang/Object;Ljava/lang/Object;Ljava/lang/Object;Ljava/lang/Object;Ljava/lang/Object;Ljava/lang/Ob
Event: 23.505 Thread 0x000001ff67f1f800 Exception <a 'java/lang/NoSuchMethodError'{0x00000000ec288b20}: static Lorg/gradle/tooling/internal/provider/events/DefaultTaskStartedProgressEvent;.<clinit>()V> (0x00000000ec288b20) thrown at [./open/src/hotspot/share/prims/jni.cpp, line 1366]
Event: 23.507 Thread 0x000001ff67f1f800 Exception <a 'java/lang/NoSuchMethodError'{0x00000000ec28a1b8}: static Lorg/gradle/tooling/internal/provider/events/AbstractProgressEvent;.<clinit>()V> (0x00000000ec28a1b8) thrown at [./open/src/hotspot/share/prims/jni.cpp, line 1366]
Event: 23.508 Thread 0x000001ff67f1f800 Exception <a 'java/lang/NoSuchMethodError'{0x00000000ec293d98}: static Lorg/gradle/tooling/internal/provider/events/DefaultTaskDescriptor;.<clinit>()V> (0x00000000ec293d98) thrown at [./open/src/hotspot/share/prims/jni.cpp, line 1366]
Event: 23.510 Thread 0x000001ff67f1f800 Exception <a 'java/lang/NoSuchMethodError'{0x00000000ec2a1050}: static Lorg/gradle/internal/operations/OperationIdentifier;.<clinit>()V> (0x00000000ec2a1050) thrown at [./open/src/hotspot/share/prims/jni.cpp, line 1366]
Event: 23.512 Thread 0x000001ff67f1f800 Exception <a 'java/lang/NoSuchMethodError'{0x00000000ec2a9330}: static Lorg/gradle/tooling/internal/provider/events/DefaultBinaryPluginIdentifier;.<clinit>()V> (0x00000000ec2a9330) thrown at [./open/src/hotspot/share/prims/jni.cpp, line 1366]
Event: 23.670 Thread 0x000001ff67517000 Exception <a 'java/lang/NoSuchMethodError'{0x00000000ebf0e548}: java.lang.invoke.DirectMethodHandle$Holder.invokeStatic(Ljava/lang/Object;Ljava/lang/Object;Ljava/lang/Object;Ljava/lang/Object;Ljava/lang/Object;Ljava/lang/Object;Ljava/lang/Object;)V> (0x00

Events (10 events):
Event: 24.022 loading class org/gradle/api/internal/tasks/compile/InnerClassMember
Event: 24.022 loading class org/gradle/api/internal/tasks/compile/InnerClassMember done
Event: 24.143 Executing VM operation: ICBufferFull
Event: 24.143 Executing VM operation: ICBufferFull done
Event: 24.201 Thread 0x000001ff67517000 DEOPT PACKING pc=0x000001ff54c96c7a sp=0x0000005f253f96d0
Event: 24.201 Thread 0x000001ff67517000 DEOPT UNPACKING pc=0x000001ff539d6dde sp=0x0000005f253f8c00 mode 0
Event: 24.284 Thread 0x000001ff67517000 DEOPT PACKING pc=0x000001ff54c7850c sp=0x0000005f253f8fa0
Event: 24.284 Thread 0x000001ff67517000 DEOPT UNPACKING pc=0x000001ff539d6dde sp=0x0000005f253f8610 mode 0
Event: 24.326 Thread 0x000001ff67517000 DEOPT PACKING pc=0x000001ff54c7850c sp=0x0000005f253f8fa0
Event: 24.326 Thread 0x000001ff67517000 DEOPT UNPACKING pc=0x000001ff539d6dde sp=0x0000005f253f8610 mode 0


Dynamic libraries:
0x00007ff641c50000 - 0x00007ff641c5f000 	C:\Program Files\Java\jdk-11.0.15.1\bin\java.exe
0x00007ffaab0c0000 - 0x00007ffaab2c9000 	C:\WINDOWS\SYSTEM32\ntdll.dll
0x00007ffaaa800000 - 0x00007ffaaa8bd000 	C:\WINDOWS\System32\KERNEL32.DLL
0x00007ffaa85a0000 - 0x00007ffaa891c000 	C:\WINDOWS\System32\KERNELBASE.dll
0x00007ffaa8950000 - 0x00007ffaa8a61000 	C:\WINDOWS\System32\ucrtbase.dll
0x00007ffa90960000 - 0x00007ffa90978000 	C:\Program Files\Java\jdk-11.0.15.1\bin\jli.dll
0x00007ffaaa940000 - 0x00007ffaaa9ee000 	C:\WINDOWS\System32\ADVAPI32.dll
0x00007ffaa94b0000 - 0x00007ffaa9553000 	C:\WINDOWS\System32\msvcrt.dll
0x00007ffaaa740000 - 0x00007ffaaa7de000 	C:\WINDOWS\System32\sechost.dll
0x00007ffaa9380000 - 0x00007ffaa94a0000 	C:\WINDOWS\System32\RPCRT4.dll
0x00007ffa8ecf0000 - 0x00007ffa8ed05000 	C:\Program Files\Java\jdk-11.0.15.1\bin\VCRUNTIME140.dll
0x00007ffaa8f50000 - 0x00007ffaa90fd000 	C:\WINDOWS\System32\USER32.dll
0x00007ffaa8920000 - 0x00007ffaa8946000 	C:\WINDOWS\System32\win32u.dll
0x00007ffaab050000 - 0x00007ffaab079000 	C:\WINDOWS\System32\GDI32.dll
0x00007ffaa8dc0000 - 0x00007ffaa8ed9000 	C:\WINDOWS\System32\gdi32full.dll
0x00007ffaa8a70000 - 0x00007ffaa8b0d000 	C:\WINDOWS\System32\msvcp_win.dll
0x00007ffa8c100000 - 0x00007ffa8c3a5000 	C:\WINDOWS\WinSxS\amd64_microsoft.windows.common-controls_6595b64144ccf1df_6.0.22000.120_none_9d947278b86cc467\COMCTL32.dll
0x00007ffa9fda0000 - 0x00007ffa9fdaa000 	C:\WINDOWS\SYSTEM32\VERSION.dll
0x00007ffaa9d80000 - 0x00007ffaa9db1000 	C:\WINDOWS\System32\IMM32.DLL
0x00007ffa6b430000 - 0x00007ffa6b4cb000 	C:\Program Files\Java\jdk-11.0.15.1\bin\msvcp140.dll
0x00007ffa5b540000 - 0x00007ffa5c056000 	C:\Program Files\Java\jdk-11.0.15.1\bin\server\jvm.dll
0x00007ffaa9360000 - 0x00007ffaa9368000 	C:\WINDOWS\System32\PSAPI.DLL
0x00007ffaa25b0000 - 0x00007ffaa25e3000 	C:\WINDOWS\SYSTEM32\WINMM.dll
0x00007ffaa54f0000 - 0x00007ffaa54f9000 	C:\WINDOWS\SYSTEM32\WSOCK32.dll
0x00007ffaaa9f0000 - 0x00007ffaaaa5f000 	C:\WINDOWS\System32\WS2_32.dll
0x00007ffaa7690000 - 0x00007ffaa76a8000 	C:\WINDOWS\SYSTEM32\kernel.appcore.dll
0x00007ffa9a5d0000 - 0x00007ffa9a5e0000 	C:\Program Files\Java\jdk-11.0.15.1\bin\verify.dll
0x00007ffaa61e0000 - 0x00007ffaa6401000 	C:\WINDOWS\SYSTEM32\DBGHELP.DLL
0x00007ffa93060000 - 0x00007ffa93091000 	C:\WINDOWS\SYSTEM32\dbgcore.DLL
0x00007ffaa8b10000 - 0x00007ffaa8b8f000 	C:\WINDOWS\System32\bcryptPrimitives.dll
0x00007ffa8b2e0000 - 0x00007ffa8b308000 	C:\Program Files\Java\jdk-11.0.15.1\bin\java.dll
0x00007ffa9a060000 - 0x00007ffa9a06a000 	C:\Program Files\Java\jdk-11.0.15.1\bin\jimage.dll
0x00007ffa8ea20000 - 0x00007ffa8ea36000 	C:\Program Files\Java\jdk-11.0.15.1\bin\zip.dll
0x00007ffaa95c0000 - 0x00007ffaa9d78000 	C:\WINDOWS\System32\SHELL32.dll
0x00007ffaa6700000 - 0x00007ffaa6f68000 	C:\WINDOWS\SYSTEM32\windows.storage.dll
0x00007ffaaa280000 - 0x00007ffaaa5f9000 	C:\WINDOWS\System32\combase.dll
0x00007ffaa6590000 - 0x00007ffaa66f6000 	C:\WINDOWS\SYSTEM32\wintypes.dll
0x00007ffaa9260000 - 0x00007ffaa934a000 	C:\WINDOWS\System32\SHCORE.dll
0x00007ffaa9560000 - 0x00007ffaa95bd000 	C:\WINDOWS\System32\shlwapi.dll
0x00007ffaa84d0000 - 0x00007ffaa84f1000 	C:\WINDOWS\SYSTEM32\profapi.dll
0x00007ffa8a0f0000 - 0x00007ffa8a109000 	C:\Program Files\Java\jdk-11.0.15.1\bin\net.dll
0x00007ffaa1000000 - 0x00007ffaa110c000 	C:\WINDOWS\SYSTEM32\WINHTTP.dll
0x00007ffaa7ac0000 - 0x00007ffaa7b27000 	C:\WINDOWS\system32\mswsock.dll
0x00007ffa89b60000 - 0x00007ffa89b72000 	C:\Program Files\Java\jdk-11.0.15.1\bin\nio.dll
0x00007ffa8ad90000 - 0x00007ffa8adb6000 	C:\Users\melis\.gradle\native\30\windows-amd64\native-platform.dll
0x00007ffa9c2a0000 - 0x00007ffa9c2a9000 	C:\Program Files\Java\jdk-11.0.15.1\bin\management.dll
0x00007ffa9c290000 - 0x00007ffa9c29b000 	C:\Program Files\Java\jdk-11.0.15.1\bin\management_ext.dll
0x00007ffaa7d10000 - 0x00007ffaa7d28000 	C:\WINDOWS\SYSTEM32\CRYPTSP.dll
0x00007ffaa75f0000 - 0x00007ffaa7625000 	C:\WINDOWS\system32\rsaenh.dll
0x00007ffaa7bb0000 - 0x00007ffaa7bd9000 	C:\WINDOWS\SYSTEM32\USERENV.dll
0x00007ffaa7e90000 - 0x00007ffaa7eb7000 	C:\WINDOWS\SYSTEM32\bcrypt.dll
0x00007ffaa7d00000 - 0x00007ffaa7d0c000 	C:\WINDOWS\SYSTEM32\CRYPTBASE.dll
0x00007ffaa71c0000 - 0x00007ffaa71ed000 	C:\WINDOWS\SYSTEM32\IPHLPAPI.DLL
0x00007ffaa94a0000 - 0x00007ffaa94a9000 	C:\WINDOWS\System32\NSI.dll
0x00007ffaa18f0000 - 0x00007ffaa1909000 	C:\WINDOWS\SYSTEM32\dhcpcsvc6.DLL
0x00007ffaa2570000 - 0x00007ffaa258e000 	C:\WINDOWS\SYSTEM32\dhcpcsvc.DLL
0x00007ffaa71f0000 - 0x00007ffaa72d8000 	C:\WINDOWS\SYSTEM32\DNSAPI.dll

dbghelp: loaded successfully - version: 4.0.5 - missing functions: none
symbol engine: initialized successfully - sym options: 0x614 - pdb path: .;C:\Program Files\Java\jdk-11.0.15.1\bin;C:\WINDOWS\SYSTEM32;C:\WINDOWS\WinSxS\amd64_microsoft.windows.common-controls_6595b64144ccf1df_6.0.22000.120_none_9d947278b86cc467;C:\Program Files\Java\jdk-11.0.15.1\bin\server;C:\Users\melis\.gradle\native\30\windows-amd64

VM Arguments:
jvm_args: --add-opens=java.base/java.util=ALL-UNNAMED --add-opens=java.base/java.lang=ALL-UNNAMED --add-opens=java.base/java.lang.invoke=ALL-UNNAMED --add-opens=java.prefs/java.util.prefs=ALL-UNNAMED -XX:MaxMetaspaceSize=256m -XX:+HeapDumpOnOutOfMemoryError -Xms256m -Xmx512m -Dfile.encoding=windows-1252 -Duser.country=US -Duser.language=en -Duser.variant 
java_command: org.gradle.launcher.daemon.bootstrap.GradleDaemon 6.0.1
java_class_path (initial): C:\Users\melis\.gradle\wrapper\dists\gradle-6.0.1-bin\1lxlpkiy24sb18odw96cp4ojv\gradle-6.0.1\lib\gradle-launcher-6.0.1.jar
Launcher Type: SUN_STANDARD

[Global flags]
     intx CICompilerCount                          = 4                                         {product} {ergonomic}
   size_t CompressedClassSpaceSize                 = 260046848                                 {product} {ergonomic}
     uint ConcGCThreads                            = 2                                         {product} {ergonomic}
     uint G1ConcRefinementThreads                  = 8                                         {product} {ergonomic}
   size_t G1HeapRegionSize                         = 1048576                                   {product} {ergonomic}
    uintx GCDrainStackTargetSize                   = 64                                        {product} {ergonomic}
     bool HeapDumpOnOutOfMemoryError               = true                                   {manageable} {command line}
   size_t InitialHeapSize                          = 268435456                                 {product} {command line}
   size_t MarkStackSize                            = 4194304                                   {product} {ergonomic}
   size_t MaxHeapSize                              = 536870912                                 {product} {command line}
   size_t MaxMetaspaceSize                         = 268435456                                 {product} {command line}
   size_t MaxNewSize                               = 321912832                                 {product} {ergonomic}
   size_t MinHeapDeltaBytes                        = 1048576                                   {product} {ergonomic}
    uintx NonNMethodCodeHeapSize                   = 5836300                                {pd product} {ergonomic}
    uintx NonProfiledCodeHeapSize                  = 122910970                              {pd product} {ergonomic}
    uintx ProfiledCodeHeapSize                     = 122910970                              {pd product} {ergonomic}
    uintx ReservedCodeCacheSize                    = 251658240                              {pd product} {ergonomic}
     bool SegmentedCodeCache                       = true                                      {product} {ergonomic}
     bool UseCompressedClassPointers               = true                                 {lp64_product} {ergonomic}
     bool UseCompressedOops                        = true                                 {lp64_product} {ergonomic}
     bool UseG1GC                                  = true                                      {product} {ergonomic}
     bool UseLargePagesIndividualAllocation        = false                                  {pd product} {ergonomic}

Logging:
Log output configuration:
 #0: stdout all=warning uptime,level,tags
 #1: stderr all=off uptime,level,tags

Environment Variables:
PATH=C:\Program Files\Common Files\Oracle\Java\javapath;C:\WINDOWS\system32;C:\WINDOWS;C:\WINDOWS\System32\Wbem;C:\WINDOWS\System32\WindowsPowerShell\v1.0\;C:\WINDOWS\System32\OpenSSH\;C:\Program Files\Git\cmd;C:\Program Files\nodejs\;C:\Program Files\MySQL\MySQL Shell 8.0\bin\;C:\Users\melis\AppData\Local\Programs\Python\Python310\Scripts\;C:\Users\melis\AppData\Local\Programs\Python\Python310\;C:\Windows\system32;C:\Windows;C:\Windows\System32\Wbem;C:\Windows\System32\WindowsPowerShell\v1.0\;C:\Windows\System32\OpenSSH\;C:\Program Files (x86)\Calibre2\;C:\Users\melis\AppData\Local\Microsoft\WindowsApps;C:\Users\melis\AppData\Local\atom\bin;C:\Python34\Scripts;C:\Users\melis\AppData\Local\Microsoft\WindowsApps;C:\Users\melis\AppData\Local\Programs\Microsoft VS Code\bin;C:\Users\melis\AppData\Roaming\npm;C:\Program Files\Java\jdk-11.0.15.1\bin;
USERNAME=melis
OS=Windows_NT
PROCESSOR_IDENTIFIER=AMD64 Family 23 Model 24 Stepping 1, AuthenticAMD



---------------  S Y S T E M  ---------------

OS: Windows 11 , 64 bit Build 22000 (10.0.22000.708)

CPU:total 8 (initial active 8) (8 cores per cpu, 2 threads per core) family 23 model 24 stepping 1 microcode 0x0, cmov, cx8, fxsr, mmx, sse, sse2, sse3, ssse3, sse4.1, sse4.2, popcnt, avx, avx2, aes, clmul, mmxext, 3dnowpref, lzcnt, sse4a, ht, tsc, tscinvbit, tscinv, bmi1, bmi2, adx, s

Memory: 4k page, system-wide physical 3460M (8M free)
TotalPageFile size 14212M (AvailPageFile size 21M)
current process WorkingSet (physical memory assigned to process): 289M, peak: 304M
current process commit charge ("private bytes"): 463M, peak: 488M

vm_info: Java HotSpot(TM) 64-Bit Server VM (11.0.15.1+2-LTS-10) for windows-amd64 JRE (11.0.15.1+2-LTS-10), built on Apr 25 2022 21:51:57 by "mach5one" with MS VC++ 15.9 (VS2017)

END.
